

Started GET "/items" for 127.0.0.1 at 2013-11-19 20:02:43 +0000

ActionController::RoutingError (No route matches [GET] "/items"):
  actionpack (4.0.1) lib/action_dispatch/middleware/debug_exceptions.rb:21:in `call'
  actionpack (4.0.1) lib/action_dispatch/middleware/show_exceptions.rb:30:in `call'
  railties (4.0.1) lib/rails/rack/logger.rb:38:in `call_app'
  railties (4.0.1) lib/rails/rack/logger.rb:20:in `block in call'
  activesupport (4.0.1) lib/active_support/tagged_logging.rb:67:in `block in tagged'
  activesupport (4.0.1) lib/active_support/tagged_logging.rb:25:in `tagged'
  activesupport (4.0.1) lib/active_support/tagged_logging.rb:67:in `tagged'
  railties (4.0.1) lib/rails/rack/logger.rb:20:in `call'
  actionpack (4.0.1) lib/action_dispatch/middleware/request_id.rb:21:in `call'
  rack (1.5.2) lib/rack/methodoverride.rb:21:in `call'
  rack (1.5.2) lib/rack/runtime.rb:17:in `call'
  activesupport (4.0.1) lib/active_support/cache/strategy/local_cache.rb:83:in `call'
  rack (1.5.2) lib/rack/lock.rb:17:in `call'
  actionpack (4.0.1) lib/action_dispatch/middleware/static.rb:64:in `call'
  rack (1.5.2) lib/rack/sendfile.rb:112:in `call'
  railties (4.0.1) lib/rails/engine.rb:511:in `call'
  railties (4.0.1) lib/rails/application.rb:97:in `call'
  rack (1.5.2) lib/rack/lock.rb:17:in `call'
  rack (1.5.2) lib/rack/content_length.rb:14:in `call'
  rack (1.5.2) lib/rack/handler/webrick.rb:60:in `service'
  /Users/hblankenstein/.rvm/rubies/ruby-2.0.0-p247/lib/ruby/2.0.0/webrick/httpserver.rb:138:in `service'
  /Users/hblankenstein/.rvm/rubies/ruby-2.0.0-p247/lib/ruby/2.0.0/webrick/httpserver.rb:94:in `run'
  /Users/hblankenstein/.rvm/rubies/ruby-2.0.0-p247/lib/ruby/2.0.0/webrick/server.rb:295:in `block in start_thread'


  Rendered /Users/hblankenstein/.rvm/gems/ruby-2.0.0-p247/gems/actionpack-4.0.1/lib/action_dispatch/middleware/templates/rescues/_trace.erb (1.1ms)
  Rendered /Users/hblankenstein/.rvm/gems/ruby-2.0.0-p247/gems/actionpack-4.0.1/lib/action_dispatch/middleware/templates/routes/_table.html.erb (4.0ms)
  Rendered /Users/hblankenstein/.rvm/gems/ruby-2.0.0-p247/gems/actionpack-4.0.1/lib/action_dispatch/middleware/templates/rescues/routing_error.erb within rescues/layout (19.7ms)


Started GET "/" for 127.0.0.1 at 2013-11-19 20:02:46 +0000
Processing by Rails::WelcomeController#index as HTML
  Rendered /Users/hblankenstein/.rvm/gems/ruby-2.0.0-p247/gems/railties-4.0.1/lib/rails/templates/rails/welcome/index.html.erb (0.8ms)
Completed 200 OK in 37ms (Views: 3.3ms | ActiveRecord: 0.0ms)
  [1m[36m (1.4ms)[0m  [1mCREATE TABLE "schema_migrations" ("version" varchar(255) NOT NULL) [0m
  [1m[35m (1.0ms)[0m  CREATE UNIQUE INDEX "unique_schema_migrations" ON "schema_migrations" ("version")
  [1m[36mActiveRecord::SchemaMigration Load (0.1ms)[0m  [1mSELECT "schema_migrations".* FROM "schema_migrations"[0m
Migrating to CreateItems (20131119200320)
  [1m[35m (0.1ms)[0m  begin transaction
  [1m[36m (0.4ms)[0m  [1mCREATE TABLE "items" ("id" INTEGER PRIMARY KEY AUTOINCREMENT NOT NULL, "title" varchar(255), "description" text, "price" decimal, "image_url" varchar(255), "category" varchar(255), "created_at" datetime, "updated_at" datetime) [0m
  [1m[35mSQL (0.3ms)[0m  INSERT INTO "schema_migrations" ("version") VALUES (?)  [["version", "20131119200320"]]
  [1m[36m (1.0ms)[0m  [1mcommit transaction[0m
  [1m[35mActiveRecord::SchemaMigration Load (0.1ms)[0m  SELECT "schema_migrations".* FROM "schema_migrations"


Started GET "/items" for 127.0.0.1 at 2013-11-19 20:04:32 +0000
  [1m[36mActiveRecord::SchemaMigration Load (0.1ms)[0m  [1mSELECT "schema_migrations".* FROM "schema_migrations"[0m
Processing by ItemsController#index as HTML
  [1m[35mItem Load (0.2ms)[0m  SELECT "items".* FROM "items"
  Rendered items/index.html.erb within layouts/application (1.9ms)
Completed 200 OK in 540ms (Views: 524.6ms | ActiveRecord: 0.2ms)


Started GET "/assets/application.css?body=1" for 127.0.0.1 at 2013-11-19 20:04:33 +0000


Started GET "/assets/items.css?body=1" for 127.0.0.1 at 2013-11-19 20:04:33 +0000


Started GET "/assets/scaffolds.css?body=1" for 127.0.0.1 at 2013-11-19 20:04:33 +0000


Started GET "/assets/jquery.js?body=1" for 127.0.0.1 at 2013-11-19 20:04:33 +0000


Started GET "/assets/turbolinks.js?body=1" for 127.0.0.1 at 2013-11-19 20:04:33 +0000


Started GET "/assets/jquery_ujs.js?body=1" for 127.0.0.1 at 2013-11-19 20:04:33 +0000


Started GET "/assets/items.js?body=1" for 127.0.0.1 at 2013-11-19 20:04:33 +0000


Started GET "/assets/application.js?body=1" for 127.0.0.1 at 2013-11-19 20:04:33 +0000


Started GET "/items/new" for 127.0.0.1 at 2013-11-19 20:04:34 +0000
Processing by ItemsController#new as HTML
  Rendered items/_form.html.erb (41.1ms)
  Rendered items/new.html.erb within layouts/application (44.0ms)
Completed 200 OK in 49ms (Views: 47.8ms | ActiveRecord: 0.3ms)


Started POST "/items" for 127.0.0.1 at 2013-11-19 20:04:51 +0000
Processing by ItemsController#create as HTML
  Parameters: {"utf8"=>"✓", "authenticity_token"=>"WM9nai+cuTk0SbfwJjyqju2lJd892dxlT7BzMkrI63w=", "item"=>{"title"=>"Tea Pot", "description"=>"This pot will kill you. ", "price"=>"100", "image_url"=>"tea.jpg", "category"=>"Tea Pots"}, "commit"=>"Create Item"}
  [1m[36m (0.1ms)[0m  [1mbegin transaction[0m
  [1m[35mSQL (4.4ms)[0m  INSERT INTO "items" ("category", "created_at", "description", "image_url", "price", "title", "updated_at") VALUES (?, ?, ?, ?, ?, ?, ?)  [["category", "Tea Pots"], ["created_at", Tue, 19 Nov 2013 20:04:51 UTC +00:00], ["description", "This pot will kill you. "], ["image_url", "tea.jpg"], ["price", #<BigDecimal:7fe9e52d6dc0,'0.1E3',9(18)>], ["title", "Tea Pot"], ["updated_at", Tue, 19 Nov 2013 20:04:51 UTC +00:00]]
  [1m[36m (0.8ms)[0m  [1mcommit transaction[0m
Redirected to http://localhost:3000/items/1
Completed 302 Found in 10ms (ActiveRecord: 5.3ms)


Started GET "/items/1" for 127.0.0.1 at 2013-11-19 20:04:51 +0000
Processing by ItemsController#show as HTML
  Parameters: {"id"=>"1"}
  [1m[35mItem Load (0.2ms)[0m  SELECT "items".* FROM "items" WHERE "items"."id" = ? LIMIT 1  [["id", "1"]]
  Rendered items/show.html.erb within layouts/application (1.0ms)
Completed 200 OK in 8ms (Views: 4.8ms | ActiveRecord: 0.2ms)


Started GET "/assets/items.css?body=1" for 127.0.0.1 at 2013-11-19 20:04:51 +0000


Started GET "/assets/application.css?body=1" for 127.0.0.1 at 2013-11-19 20:04:51 +0000


Started GET "/assets/scaffolds.css?body=1" for 127.0.0.1 at 2013-11-19 20:04:51 +0000


Started GET "/assets/jquery_ujs.js?body=1" for 127.0.0.1 at 2013-11-19 20:04:51 +0000


Started GET "/assets/jquery.js?body=1" for 127.0.0.1 at 2013-11-19 20:04:51 +0000


Started GET "/assets/turbolinks.js?body=1" for 127.0.0.1 at 2013-11-19 20:04:51 +0000


Started GET "/assets/items.js?body=1" for 127.0.0.1 at 2013-11-19 20:04:51 +0000


Started GET "/assets/application.js?body=1" for 127.0.0.1 at 2013-11-19 20:04:51 +0000


Started GET "/items" for 127.0.0.1 at 2013-11-19 20:04:53 +0000
Processing by ItemsController#index as HTML
  [1m[36mItem Load (0.2ms)[0m  [1mSELECT "items".* FROM "items"[0m
  Rendered items/index.html.erb within layouts/application (2.1ms)
Completed 200 OK in 7ms (Views: 6.1ms | ActiveRecord: 0.2ms)


Started GET "/about" for 127.0.0.1 at 2013-11-19 20:11:08 +0000
  [1m[36mActiveRecord::SchemaMigration Load (0.1ms)[0m  [1mSELECT "schema_migrations".* FROM "schema_migrations"[0m
Processing by SiteController#about as HTML
  Rendered site/about.html.erb within layouts/application (0.8ms)
Completed 200 OK in 153ms (Views: 138.8ms | ActiveRecord: 0.0ms)


Started GET "/assets/application.css?body=1" for 127.0.0.1 at 2013-11-19 20:11:09 +0000


Started GET "/assets/items.css?body=1" for 127.0.0.1 at 2013-11-19 20:11:09 +0000


Started GET "/assets/scaffolds.css?body=1" for 127.0.0.1 at 2013-11-19 20:11:09 +0000


Started GET "/assets/jquery.js?body=1" for 127.0.0.1 at 2013-11-19 20:11:09 +0000


Started GET "/assets/site.css?body=1" for 127.0.0.1 at 2013-11-19 20:11:09 +0000


Started GET "/assets/jquery_ujs.js?body=1" for 127.0.0.1 at 2013-11-19 20:11:09 +0000


Started GET "/assets/turbolinks.js?body=1" for 127.0.0.1 at 2013-11-19 20:11:09 +0000


Started GET "/assets/items.js?body=1" for 127.0.0.1 at 2013-11-19 20:11:09 +0000


Started GET "/assets/site.js?body=1" for 127.0.0.1 at 2013-11-19 20:11:09 +0000


Started GET "/assets/application.js?body=1" for 127.0.0.1 at 2013-11-19 20:11:09 +0000


Started GET "/about" for 127.0.0.1 at 2013-11-19 20:16:30 +0000
  [1m[36mActiveRecord::SchemaMigration Load (0.1ms)[0m  [1mSELECT "schema_migrations".* FROM "schema_migrations"[0m
Processing by SiteController#about as HTML
  Rendered site/about.html.erb within layouts/application (1.0ms)
Completed 200 OK in 163ms (Views: 148.1ms | ActiveRecord: 0.0ms)


Started GET "/assets/application.css?body=1" for 127.0.0.1 at 2013-11-19 20:16:31 +0000


Started GET "/assets/cart.css?body=1" for 127.0.0.1 at 2013-11-19 20:16:31 +0000


Started GET "/assets/items.css?body=1" for 127.0.0.1 at 2013-11-19 20:16:31 +0000


Started GET "/assets/scaffolds.css?body=1" for 127.0.0.1 at 2013-11-19 20:16:31 +0000


Started GET "/assets/site.css?body=1" for 127.0.0.1 at 2013-11-19 20:16:31 +0000


Started GET "/assets/jquery_ujs.js?body=1" for 127.0.0.1 at 2013-11-19 20:16:31 +0000


Started GET "/assets/jquery.js?body=1" for 127.0.0.1 at 2013-11-19 20:16:31 +0000


Started GET "/assets/turbolinks.js?body=1" for 127.0.0.1 at 2013-11-19 20:16:31 +0000


Started GET "/assets/cart.js?body=1" for 127.0.0.1 at 2013-11-19 20:16:31 +0000


Started GET "/assets/items.js?body=1" for 127.0.0.1 at 2013-11-19 20:16:31 +0000


Started GET "/assets/site.js?body=1" for 127.0.0.1 at 2013-11-19 20:16:31 +0000


Started GET "/assets/application.js?body=1" for 127.0.0.1 at 2013-11-19 20:16:31 +0000


Started GET "/items" for 127.0.0.1 at 2013-11-19 20:16:34 +0000
Processing by ItemsController#index as HTML
  [1m[35mItem Load (0.2ms)[0m  SELECT "items".* FROM "items"
DEPRECATION WARNING: :confirm option is deprecated and will be removed from Rails 4.1. Use 'data: { confirm: 'Text' }' instead. (called from block in _app_views_items_index_html_erb__2671591852510886551_70356506980540 at /Users/hblankenstein/RubymineProjects/antiqueagain/app/views/items/index.html.erb:27)
  Rendered items/index.html.erb within layouts/application (19.2ms)
Completed 200 OK in 26ms (Views: 23.7ms | ActiveRecord: 0.4ms)


Started GET "/assets/application.css?body=1" for 127.0.0.1 at 2013-11-19 20:16:34 +0000


Started GET "/assets/cart.css?body=1" for 127.0.0.1 at 2013-11-19 20:16:34 +0000


Started GET "/assets/jquery.js?body=1" for 127.0.0.1 at 2013-11-19 20:16:34 +0000


Started GET "/assets/scaffolds.css?body=1" for 127.0.0.1 at 2013-11-19 20:16:34 +0000


Started GET "/assets/items.css?body=1" for 127.0.0.1 at 2013-11-19 20:16:34 +0000


Started GET "/assets/site.css?body=1" for 127.0.0.1 at 2013-11-19 20:16:34 +0000


Started GET "/assets/jquery_ujs.js?body=1" for 127.0.0.1 at 2013-11-19 20:16:34 +0000


Started GET "/assets/turbolinks.js?body=1" for 127.0.0.1 at 2013-11-19 20:16:34 +0000


Started GET "/assets/items.js?body=1" for 127.0.0.1 at 2013-11-19 20:16:34 +0000


Started GET "/assets/cart.js?body=1" for 127.0.0.1 at 2013-11-19 20:16:34 +0000


Started GET "/assets/site.js?body=1" for 127.0.0.1 at 2013-11-19 20:16:34 +0000


Started GET "/assets/application.js?body=1" for 127.0.0.1 at 2013-11-19 20:16:34 +0000


Started GET "/assets/tea.jpg" for 127.0.0.1 at 2013-11-19 20:16:34 +0000


Started GET "/cart/1" for 127.0.0.1 at 2013-11-19 20:16:36 +0000
Processing by CartController#add as HTML
  Parameters: {"id"=>"1"}
Redirected to http://localhost:3000/cart/index
Completed 302 Found in 2ms (ActiveRecord: 0.0ms)


Started GET "/cart/index" for 127.0.0.1 at 2013-11-19 20:16:36 +0000
Processing by CartController#index as HTML
  [1m[36mItem Load (0.2ms)[0m  [1mSELECT "items".* FROM "items" WHERE "items"."id" = 1 LIMIT 1[0m
  Rendered cart/index.html.erb within layouts/application (7.1ms)
Completed 200 OK in 13ms (Views: 11.8ms | ActiveRecord: 0.2ms)


Started GET "/checkout" for 127.0.0.1 at 2013-11-19 20:16:38 +0000

AbstractController::ActionNotFound (The action 'createOrder' could not be found for CartController):
  actionpack (4.0.1) lib/abstract_controller/base.rb:131:in `process'
  actionpack (4.0.1) lib/abstract_controller/rendering.rb:44:in `process'
  actionpack (4.0.1) lib/action_controller/metal.rb:195:in `dispatch'
  actionpack (4.0.1) lib/action_controller/metal/rack_delegation.rb:13:in `dispatch'
  actionpack (4.0.1) lib/action_controller/metal.rb:231:in `block in action'
  actionpack (4.0.1) lib/action_dispatch/routing/route_set.rb:80:in `call'
  actionpack (4.0.1) lib/action_dispatch/routing/route_set.rb:80:in `dispatch'
  actionpack (4.0.1) lib/action_dispatch/routing/route_set.rb:48:in `call'
  actionpack (4.0.1) lib/action_dispatch/journey/router.rb:71:in `block in call'
  actionpack (4.0.1) lib/action_dispatch/journey/router.rb:59:in `each'
  actionpack (4.0.1) lib/action_dispatch/journey/router.rb:59:in `call'
  actionpack (4.0.1) lib/action_dispatch/routing/route_set.rb:680:in `call'
  rack (1.5.2) lib/rack/etag.rb:23:in `call'
  rack (1.5.2) lib/rack/conditionalget.rb:25:in `call'
  rack (1.5.2) lib/rack/head.rb:11:in `call'
  actionpack (4.0.1) lib/action_dispatch/middleware/params_parser.rb:27:in `call'
  actionpack (4.0.1) lib/action_dispatch/middleware/flash.rb:241:in `call'
  rack (1.5.2) lib/rack/session/abstract/id.rb:225:in `context'
  rack (1.5.2) lib/rack/session/abstract/id.rb:220:in `call'
  actionpack (4.0.1) lib/action_dispatch/middleware/cookies.rb:486:in `call'
  activerecord (4.0.1) lib/active_record/query_cache.rb:36:in `call'
  activerecord (4.0.1) lib/active_record/connection_adapters/abstract/connection_pool.rb:626:in `call'
  activerecord (4.0.1) lib/active_record/migration.rb:369:in `call'
  actionpack (4.0.1) lib/action_dispatch/middleware/callbacks.rb:29:in `block in call'
  activesupport (4.0.1) lib/active_support/callbacks.rb:373:in `_run__3139883381110689723__call__callbacks'
  activesupport (4.0.1) lib/active_support/callbacks.rb:80:in `run_callbacks'
  actionpack (4.0.1) lib/action_dispatch/middleware/callbacks.rb:27:in `call'
  actionpack (4.0.1) lib/action_dispatch/middleware/reloader.rb:64:in `call'
  actionpack (4.0.1) lib/action_dispatch/middleware/remote_ip.rb:76:in `call'
  actionpack (4.0.1) lib/action_dispatch/middleware/debug_exceptions.rb:17:in `call'
  actionpack (4.0.1) lib/action_dispatch/middleware/show_exceptions.rb:30:in `call'
  railties (4.0.1) lib/rails/rack/logger.rb:38:in `call_app'
  railties (4.0.1) lib/rails/rack/logger.rb:20:in `block in call'
  activesupport (4.0.1) lib/active_support/tagged_logging.rb:67:in `block in tagged'
  activesupport (4.0.1) lib/active_support/tagged_logging.rb:25:in `tagged'
  activesupport (4.0.1) lib/active_support/tagged_logging.rb:67:in `tagged'
  railties (4.0.1) lib/rails/rack/logger.rb:20:in `call'
  actionpack (4.0.1) lib/action_dispatch/middleware/request_id.rb:21:in `call'
  rack (1.5.2) lib/rack/methodoverride.rb:21:in `call'
  rack (1.5.2) lib/rack/runtime.rb:17:in `call'
  activesupport (4.0.1) lib/active_support/cache/strategy/local_cache.rb:83:in `call'
  rack (1.5.2) lib/rack/lock.rb:17:in `call'
  actionpack (4.0.1) lib/action_dispatch/middleware/static.rb:64:in `call'
  rack (1.5.2) lib/rack/sendfile.rb:112:in `call'
  railties (4.0.1) lib/rails/engine.rb:511:in `call'
  railties (4.0.1) lib/rails/application.rb:97:in `call'
  rack (1.5.2) lib/rack/lock.rb:17:in `call'
  rack (1.5.2) lib/rack/content_length.rb:14:in `call'
  rack (1.5.2) lib/rack/handler/webrick.rb:60:in `service'
  /Users/hblankenstein/.rvm/rubies/ruby-2.0.0-p247/lib/ruby/2.0.0/webrick/httpserver.rb:138:in `service'
  /Users/hblankenstein/.rvm/rubies/ruby-2.0.0-p247/lib/ruby/2.0.0/webrick/httpserver.rb:94:in `run'
  /Users/hblankenstein/.rvm/rubies/ruby-2.0.0-p247/lib/ruby/2.0.0/webrick/server.rb:295:in `block in start_thread'


  Rendered /Users/hblankenstein/.rvm/gems/ruby-2.0.0-p247/gems/actionpack-4.0.1/lib/action_dispatch/middleware/templates/rescues/unknown_action.erb within rescues/layout (0.4ms)


Started GET "/checkout" for 127.0.0.1 at 2013-11-19 20:16:38 +0000

AbstractController::ActionNotFound (The action 'createOrder' could not be found for CartController):
  actionpack (4.0.1) lib/abstract_controller/base.rb:131:in `process'
  actionpack (4.0.1) lib/abstract_controller/rendering.rb:44:in `process'
  actionpack (4.0.1) lib/action_controller/metal.rb:195:in `dispatch'
  actionpack (4.0.1) lib/action_controller/metal/rack_delegation.rb:13:in `dispatch'
  actionpack (4.0.1) lib/action_controller/metal.rb:231:in `block in action'
  actionpack (4.0.1) lib/action_dispatch/routing/route_set.rb:80:in `call'
  actionpack (4.0.1) lib/action_dispatch/routing/route_set.rb:80:in `dispatch'
  actionpack (4.0.1) lib/action_dispatch/routing/route_set.rb:48:in `call'
  actionpack (4.0.1) lib/action_dispatch/journey/router.rb:71:in `block in call'
  actionpack (4.0.1) lib/action_dispatch/journey/router.rb:59:in `each'
  actionpack (4.0.1) lib/action_dispatch/journey/router.rb:59:in `call'
  actionpack (4.0.1) lib/action_dispatch/routing/route_set.rb:680:in `call'
  rack (1.5.2) lib/rack/etag.rb:23:in `call'
  rack (1.5.2) lib/rack/conditionalget.rb:25:in `call'
  rack (1.5.2) lib/rack/head.rb:11:in `call'
  actionpack (4.0.1) lib/action_dispatch/middleware/params_parser.rb:27:in `call'
  actionpack (4.0.1) lib/action_dispatch/middleware/flash.rb:241:in `call'
  rack (1.5.2) lib/rack/session/abstract/id.rb:225:in `context'
  rack (1.5.2) lib/rack/session/abstract/id.rb:220:in `call'
  actionpack (4.0.1) lib/action_dispatch/middleware/cookies.rb:486:in `call'
  activerecord (4.0.1) lib/active_record/query_cache.rb:36:in `call'
  activerecord (4.0.1) lib/active_record/connection_adapters/abstract/connection_pool.rb:626:in `call'
  activerecord (4.0.1) lib/active_record/migration.rb:369:in `call'
  actionpack (4.0.1) lib/action_dispatch/middleware/callbacks.rb:29:in `block in call'
  activesupport (4.0.1) lib/active_support/callbacks.rb:373:in `_run__3139883381110689723__call__callbacks'
  activesupport (4.0.1) lib/active_support/callbacks.rb:80:in `run_callbacks'
  actionpack (4.0.1) lib/action_dispatch/middleware/callbacks.rb:27:in `call'
  actionpack (4.0.1) lib/action_dispatch/middleware/reloader.rb:64:in `call'
  actionpack (4.0.1) lib/action_dispatch/middleware/remote_ip.rb:76:in `call'
  actionpack (4.0.1) lib/action_dispatch/middleware/debug_exceptions.rb:17:in `call'
  actionpack (4.0.1) lib/action_dispatch/middleware/show_exceptions.rb:30:in `call'
  railties (4.0.1) lib/rails/rack/logger.rb:38:in `call_app'
  railties (4.0.1) lib/rails/rack/logger.rb:20:in `block in call'
  activesupport (4.0.1) lib/active_support/tagged_logging.rb:67:in `block in tagged'
  activesupport (4.0.1) lib/active_support/tagged_logging.rb:25:in `tagged'
  activesupport (4.0.1) lib/active_support/tagged_logging.rb:67:in `tagged'
  railties (4.0.1) lib/rails/rack/logger.rb:20:in `call'
  actionpack (4.0.1) lib/action_dispatch/middleware/request_id.rb:21:in `call'
  rack (1.5.2) lib/rack/methodoverride.rb:21:in `call'
  rack (1.5.2) lib/rack/runtime.rb:17:in `call'
  activesupport (4.0.1) lib/active_support/cache/strategy/local_cache.rb:83:in `call'
  rack (1.5.2) lib/rack/lock.rb:17:in `call'
  actionpack (4.0.1) lib/action_dispatch/middleware/static.rb:64:in `call'
  rack (1.5.2) lib/rack/sendfile.rb:112:in `call'
  railties (4.0.1) lib/rails/engine.rb:511:in `call'
  railties (4.0.1) lib/rails/application.rb:97:in `call'
  rack (1.5.2) lib/rack/lock.rb:17:in `call'
  rack (1.5.2) lib/rack/content_length.rb:14:in `call'
  rack (1.5.2) lib/rack/handler/webrick.rb:60:in `service'
  /Users/hblankenstein/.rvm/rubies/ruby-2.0.0-p247/lib/ruby/2.0.0/webrick/httpserver.rb:138:in `service'
  /Users/hblankenstein/.rvm/rubies/ruby-2.0.0-p247/lib/ruby/2.0.0/webrick/httpserver.rb:94:in `run'
  /Users/hblankenstein/.rvm/rubies/ruby-2.0.0-p247/lib/ruby/2.0.0/webrick/server.rb:295:in `block in start_thread'


  Rendered /Users/hblankenstein/.rvm/gems/ruby-2.0.0-p247/gems/actionpack-4.0.1/lib/action_dispatch/middleware/templates/rescues/unknown_action.erb within rescues/layout (0.4ms)


Started GET "/cart/index" for 127.0.0.1 at 2013-11-19 20:16:40 +0000
Processing by CartController#index as HTML
  [1m[35mItem Load (0.2ms)[0m  SELECT "items".* FROM "items" WHERE "items"."id" = 1 LIMIT 1
  Rendered cart/index.html.erb within layouts/application (3.8ms)
Completed 200 OK in 9ms (Views: 8.5ms | ActiveRecord: 0.2ms)


Started GET "/assets/cart.css?body=1" for 127.0.0.1 at 2013-11-19 20:16:40 +0000


Started GET "/assets/items.css?body=1" for 127.0.0.1 at 2013-11-19 20:16:40 +0000


Started GET "/assets/scaffolds.css?body=1" for 127.0.0.1 at 2013-11-19 20:16:40 +0000


Started GET "/assets/application.css?body=1" for 127.0.0.1 at 2013-11-19 20:16:40 +0000


Started GET "/assets/site.css?body=1" for 127.0.0.1 at 2013-11-19 20:16:40 +0000


Started GET "/assets/jquery.js?body=1" for 127.0.0.1 at 2013-11-19 20:16:40 +0000


Started GET "/assets/jquery_ujs.js?body=1" for 127.0.0.1 at 2013-11-19 20:16:40 +0000


Started GET "/assets/turbolinks.js?body=1" for 127.0.0.1 at 2013-11-19 20:16:40 +0000


Started GET "/assets/cart.js?body=1" for 127.0.0.1 at 2013-11-19 20:16:40 +0000


Started GET "/assets/items.js?body=1" for 127.0.0.1 at 2013-11-19 20:16:40 +0000


Started GET "/assets/application.js?body=1" for 127.0.0.1 at 2013-11-19 20:16:40 +0000


Started GET "/assets/site.js?body=1" for 127.0.0.1 at 2013-11-19 20:16:40 +0000


Started GET "/assets/tea.jpg" for 127.0.0.1 at 2013-11-19 20:16:40 +0000


Started GET "/items" for 127.0.0.1 at 2013-11-19 20:18:56 +0000
Processing by ItemsController#index as HTML
  [1m[36mItem Load (0.3ms)[0m  [1mSELECT "items".* FROM "items"[0m
DEPRECATION WARNING: :confirm option is deprecated and will be removed from Rails 4.1. Use 'data: { confirm: 'Text' }' instead. (called from block in _app_views_items_index_html_erb__2671591852510886551_70356519680200 at /Users/hblankenstein/RubymineProjects/antiqueagain/app/views/items/index.html.erb:27)
  Rendered items/index.html.erb within layouts/application (9.7ms)
Completed 200 OK in 16ms (Views: 14.0ms | ActiveRecord: 0.5ms)


Started GET "/items/1" for 127.0.0.1 at 2013-11-19 20:18:57 +0000
Processing by ItemsController#show as HTML
  Parameters: {"id"=>"1"}
  [1m[35mItem Load (0.2ms)[0m  SELECT "items".* FROM "items" WHERE "items"."id" = ? LIMIT 1  [["id", "1"]]
  Rendered items/show.html.erb within layouts/application (1.2ms)
Completed 200 OK in 9ms (Views: 7.0ms | ActiveRecord: 0.2ms)


Started GET "/items" for 127.0.0.1 at 2013-11-19 20:18:58 +0000
Processing by ItemsController#index as HTML
  [1m[36mItem Load (0.2ms)[0m  [1mSELECT "items".* FROM "items"[0m
DEPRECATION WARNING: :confirm option is deprecated and will be removed from Rails 4.1. Use 'data: { confirm: 'Text' }' instead. (called from block in _app_views_items_index_html_erb__2671591852510886551_70356519680200 at /Users/hblankenstein/RubymineProjects/antiqueagain/app/views/items/index.html.erb:27)
  Rendered items/index.html.erb within layouts/application (2.1ms)
Completed 200 OK in 7ms (Views: 6.4ms | ActiveRecord: 0.2ms)


Started GET "/cart/1" for 127.0.0.1 at 2013-11-19 20:18:59 +0000
Processing by CartController#add as HTML
  Parameters: {"id"=>"1"}
Redirected to http://localhost:3000/cart/index
Completed 302 Found in 2ms (ActiveRecord: 0.0ms)


Started GET "/cart/index" for 127.0.0.1 at 2013-11-19 20:18:59 +0000
Processing by CartController#index as HTML
  [1m[35mItem Load (0.2ms)[0m  SELECT "items".* FROM "items" WHERE "items"."id" = 1 LIMIT 1
  Rendered cart/index.html.erb within layouts/application (20.2ms)
Completed 200 OK in 26ms (Views: 25.0ms | ActiveRecord: 0.2ms)


Started GET "/cart/remove/1" for 127.0.0.1 at 2013-11-19 20:19:01 +0000
Processing by CartController#remove as HTML
  Parameters: {"id"=>"1"}
Redirected to http://localhost:3000/cart/index
Completed 302 Found in 2ms (ActiveRecord: 0.0ms)


Started GET "/cart/index" for 127.0.0.1 at 2013-11-19 20:19:01 +0000
Processing by CartController#index as HTML
  Rendered cart/index.html.erb within layouts/application (0.9ms)
Completed 200 OK in 6ms (Views: 5.6ms | ActiveRecord: 0.0ms)


Started GET "/items" for 127.0.0.1 at 2013-11-19 20:19:03 +0000
Processing by ItemsController#index as HTML
  [1m[36mItem Load (0.2ms)[0m  [1mSELECT "items".* FROM "items"[0m
DEPRECATION WARNING: :confirm option is deprecated and will be removed from Rails 4.1. Use 'data: { confirm: 'Text' }' instead. (called from block in _app_views_items_index_html_erb__2671591852510886551_70356519680200 at /Users/hblankenstein/RubymineProjects/antiqueagain/app/views/items/index.html.erb:27)
  Rendered items/index.html.erb within layouts/application (2.6ms)
Completed 200 OK in 9ms (Views: 8.0ms | ActiveRecord: 0.2ms)


Started GET "/cart/1" for 127.0.0.1 at 2013-11-19 20:19:04 +0000
Processing by CartController#add as HTML
  Parameters: {"id"=>"1"}
Redirected to http://localhost:3000/cart/index
Completed 302 Found in 2ms (ActiveRecord: 0.0ms)


Started GET "/cart/index" for 127.0.0.1 at 2013-11-19 20:19:04 +0000
Processing by CartController#index as HTML
  [1m[35mItem Load (0.1ms)[0m  SELECT "items".* FROM "items" WHERE "items"."id" = 1 LIMIT 1
  Rendered cart/index.html.erb within layouts/application (2.8ms)
Completed 200 OK in 8ms (Views: 7.5ms | ActiveRecord: 0.1ms)


Started GET "/clearCart" for 127.0.0.1 at 2013-11-19 20:19:05 +0000
Processing by CartController#clearCart as HTML
Redirected to http://localhost:3000/cart/index
Completed 302 Found in 2ms (ActiveRecord: 0.0ms)


Started GET "/cart/index" for 127.0.0.1 at 2013-11-19 20:19:05 +0000
Processing by CartController#index as HTML
  Rendered cart/index.html.erb within layouts/application (0.9ms)
Completed 200 OK in 6ms (Views: 5.4ms | ActiveRecord: 0.0ms)


Started GET "/cart/index" for 127.0.0.1 at 2013-11-19 20:23:12 +0000
  [1m[36mActiveRecord::SchemaMigration Load (0.1ms)[0m  [1mSELECT "schema_migrations".* FROM "schema_migrations"[0m
Processing by CartController#index as HTML
  Rendered cart/index.html.erb within layouts/application (27.1ms)
Completed 200 OK in 75ms (Views: 60.7ms | ActiveRecord: 0.0ms)


Started GET "/assets/application.css?body=1" for 127.0.0.1 at 2013-11-19 20:23:12 +0000


Started GET "/assets/cart.css?body=1" for 127.0.0.1 at 2013-11-19 20:23:12 +0000


Started GET "/assets/items.css?body=1" for 127.0.0.1 at 2013-11-19 20:23:12 +0000


Started GET "/assets/site.css?body=1" for 127.0.0.1 at 2013-11-19 20:23:12 +0000


Started GET "/assets/jquery.js?body=1" for 127.0.0.1 at 2013-11-19 20:23:12 +0000


Started GET "/assets/scaffolds.css?body=1" for 127.0.0.1 at 2013-11-19 20:23:12 +0000


Started GET "/assets/jquery_ujs.js?body=1" for 127.0.0.1 at 2013-11-19 20:23:12 +0000


Started GET "/assets/turbolinks.js?body=1" for 127.0.0.1 at 2013-11-19 20:23:12 +0000


Started GET "/assets/cart.js?body=1" for 127.0.0.1 at 2013-11-19 20:23:12 +0000


Started GET "/assets/items.js?body=1" for 127.0.0.1 at 2013-11-19 20:23:12 +0000


Started GET "/assets/site.js?body=1" for 127.0.0.1 at 2013-11-19 20:23:12 +0000


Started GET "/assets/application.js?body=1" for 127.0.0.1 at 2013-11-19 20:23:12 +0000


Started GET "/clearCart" for 127.0.0.1 at 2013-11-19 20:23:14 +0000
Processing by CartController#clearCart as HTML
Redirected to http://localhost:3000/cart/index
Completed 302 Found in 1ms (ActiveRecord: 0.0ms)


Started GET "/cart/index" for 127.0.0.1 at 2013-11-19 20:23:14 +0000
Processing by CartController#index as HTML
  Rendered cart/index.html.erb within layouts/application (1.6ms)
Completed 200 OK in 7ms (Views: 6.2ms | ActiveRecord: 0.0ms)


Started GET "/items" for 127.0.0.1 at 2013-11-19 20:23:15 +0000
Processing by ItemsController#index as HTML
  [1m[35mItem Load (0.2ms)[0m  SELECT "items".* FROM "items"
DEPRECATION WARNING: :confirm option is deprecated and will be removed from Rails 4.1. Use 'data: { confirm: 'Text' }' instead. (called from block in _app_views_items_index_html_erb__2335341604738796310_70150762088720 at /Users/hblankenstein/RubymineProjects/antiqueagain/app/views/items/index.html.erb:27)
  Rendered items/index.html.erb within layouts/application (9.8ms)
Completed 200 OK in 17ms (Views: 14.3ms | ActiveRecord: 0.4ms)


Started GET "/assets/tea.jpg" for 127.0.0.1 at 2013-11-19 20:23:15 +0000


Started GET "/cart/1" for 127.0.0.1 at 2013-11-19 20:23:16 +0000
Processing by CartController#add as HTML
  Parameters: {"id"=>"1"}
Redirected to http://localhost:3000/cart/index
Completed 302 Found in 1ms (ActiveRecord: 0.0ms)


Started GET "/cart/index" for 127.0.0.1 at 2013-11-19 20:23:16 +0000
Processing by CartController#index as HTML
  [1m[36mItem Load (0.2ms)[0m  [1mSELECT "items".* FROM "items" WHERE "items"."id" = 1 LIMIT 1[0m
  Rendered cart/index.html.erb within layouts/application (4.4ms)
Completed 200 OK in 9ms (Views: 8.9ms | ActiveRecord: 0.2ms)


Started GET "/cart/remove/1" for 127.0.0.1 at 2013-11-19 20:23:20 +0000
Processing by CartController#remove as HTML
  Parameters: {"id"=>"1"}
Redirected to http://localhost:3000/cart/index
Completed 302 Found in 1ms (ActiveRecord: 0.0ms)


Started GET "/cart/index" for 127.0.0.1 at 2013-11-19 20:23:20 +0000
Processing by CartController#index as HTML
  Rendered cart/index.html.erb within layouts/application (0.7ms)
Completed 200 OK in 6ms (Views: 5.2ms | ActiveRecord: 0.0ms)


Started GET "/checkout" for 127.0.0.1 at 2013-11-19 20:23:22 +0000
Processing by CartController#createOrder as HTML
Completed 500 Internal Server Error in 1ms

NameError (uninitialized constant CartController::User):
  app/controllers/cart_controller.rb:50:in `createOrder'


  Rendered /Users/hblankenstein/.rvm/gems/ruby-2.0.0-p247/gems/actionpack-4.0.1/lib/action_dispatch/middleware/templates/rescues/_source.erb (0.7ms)
  Rendered /Users/hblankenstein/.rvm/gems/ruby-2.0.0-p247/gems/actionpack-4.0.1/lib/action_dispatch/middleware/templates/rescues/_trace.erb (1.0ms)
  Rendered /Users/hblankenstein/.rvm/gems/ruby-2.0.0-p247/gems/actionpack-4.0.1/lib/action_dispatch/middleware/templates/rescues/_request_and_response.erb (1.0ms)
  Rendered /Users/hblankenstein/.rvm/gems/ruby-2.0.0-p247/gems/actionpack-4.0.1/lib/action_dispatch/middleware/templates/rescues/diagnostics.erb within rescues/layout (18.5ms)


Started GET "/checkout" for 127.0.0.1 at 2013-11-19 20:23:22 +0000
Processing by CartController#createOrder as HTML
Completed 500 Internal Server Error in 2ms

NameError (uninitialized constant CartController::User):
  app/controllers/cart_controller.rb:50:in `createOrder'


  Rendered /Users/hblankenstein/.rvm/gems/ruby-2.0.0-p247/gems/actionpack-4.0.1/lib/action_dispatch/middleware/templates/rescues/_source.erb (0.7ms)
  Rendered /Users/hblankenstein/.rvm/gems/ruby-2.0.0-p247/gems/actionpack-4.0.1/lib/action_dispatch/middleware/templates/rescues/_trace.erb (1.0ms)
  Rendered /Users/hblankenstein/.rvm/gems/ruby-2.0.0-p247/gems/actionpack-4.0.1/lib/action_dispatch/middleware/templates/rescues/_request_and_response.erb (0.9ms)
  Rendered /Users/hblankenstein/.rvm/gems/ruby-2.0.0-p247/gems/actionpack-4.0.1/lib/action_dispatch/middleware/templates/rescues/diagnostics.erb within rescues/layout (13.8ms)


Started GET "/cart/index" for 127.0.0.1 at 2013-11-19 20:23:23 +0000
Processing by CartController#index as HTML
  Rendered cart/index.html.erb within layouts/application (1.0ms)
Completed 200 OK in 6ms (Views: 5.7ms | ActiveRecord: 0.0ms)


Started GET "/assets/cart.css?body=1" for 127.0.0.1 at 2013-11-19 20:23:23 +0000


Started GET "/assets/application.css?body=1" for 127.0.0.1 at 2013-11-19 20:23:23 +0000


Started GET "/assets/items.css?body=1" for 127.0.0.1 at 2013-11-19 20:23:23 +0000


Started GET "/assets/scaffolds.css?body=1" for 127.0.0.1 at 2013-11-19 20:23:23 +0000


Started GET "/assets/site.css?body=1" for 127.0.0.1 at 2013-11-19 20:23:23 +0000


Started GET "/assets/jquery.js?body=1" for 127.0.0.1 at 2013-11-19 20:23:23 +0000


Started GET "/assets/jquery_ujs.js?body=1" for 127.0.0.1 at 2013-11-19 20:23:23 +0000


Started GET "/assets/turbolinks.js?body=1" for 127.0.0.1 at 2013-11-19 20:23:23 +0000


Started GET "/assets/cart.js?body=1" for 127.0.0.1 at 2013-11-19 20:23:23 +0000


Started GET "/assets/items.js?body=1" for 127.0.0.1 at 2013-11-19 20:23:23 +0000


Started GET "/assets/site.js?body=1" for 127.0.0.1 at 2013-11-19 20:23:23 +0000


Started GET "/assets/application.js?body=1" for 127.0.0.1 at 2013-11-19 20:23:23 +0000
  [1m[36mActiveRecord::SchemaMigration Load (0.1ms)[0m  [1mSELECT "schema_migrations".* FROM "schema_migrations"[0m
Migrating to DeviseCreateUsers (20131119202421)
  [1m[35m (0.1ms)[0m  begin transaction
  [1m[36m (0.4ms)[0m  [1mCREATE TABLE "users" ("id" INTEGER PRIMARY KEY AUTOINCREMENT NOT NULL, "email" varchar(255) DEFAULT '' NOT NULL, "encrypted_password" varchar(255) DEFAULT '' NOT NULL, "reset_password_token" varchar(255), "reset_password_sent_at" datetime, "remember_created_at" datetime, "sign_in_count" integer DEFAULT 0 NOT NULL, "current_sign_in_at" datetime, "last_sign_in_at" datetime, "current_sign_in_ip" varchar(255), "last_sign_in_ip" varchar(255), "created_at" datetime, "updated_at" datetime) [0m
  [1m[35m (0.6ms)[0m  CREATE UNIQUE INDEX "index_users_on_email" ON "users" ("email")
  [1m[36m (0.1ms)[0m  [1mCREATE UNIQUE INDEX "index_users_on_reset_password_token" ON "users" ("reset_password_token")[0m
  [1m[35mSQL (0.2ms)[0m  INSERT INTO "schema_migrations" ("version") VALUES (?)  [["version", "20131119202421"]]
  [1m[36m (1.6ms)[0m  [1mcommit transaction[0m
  [1m[35mActiveRecord::SchemaMigration Load (0.1ms)[0m  SELECT "schema_migrations".* FROM "schema_migrations"


Started GET "/checkout" for 127.0.0.1 at 2013-11-19 20:24:51 +0000
  [1m[36mActiveRecord::SchemaMigration Load (0.1ms)[0m  [1mSELECT "schema_migrations".* FROM "schema_migrations"[0m
Processing by CartController#createOrder as HTML
Completed 500 Internal Server Error in 21ms

NoMethodError (undefined method `id' for nil:NilClass):
  app/controllers/cart_controller.rb:50:in `createOrder'


  Rendered /Users/hblankenstein/.rvm/gems/ruby-2.0.0-p247/gems/actionpack-4.0.1/lib/action_dispatch/middleware/templates/rescues/_source.erb (0.6ms)
  Rendered /Users/hblankenstein/.rvm/gems/ruby-2.0.0-p247/gems/actionpack-4.0.1/lib/action_dispatch/middleware/templates/rescues/_trace.erb (0.9ms)
  Rendered /Users/hblankenstein/.rvm/gems/ruby-2.0.0-p247/gems/actionpack-4.0.1/lib/action_dispatch/middleware/templates/rescues/_request_and_response.erb (0.7ms)
  Rendered /Users/hblankenstein/.rvm/gems/ruby-2.0.0-p247/gems/actionpack-4.0.1/lib/action_dispatch/middleware/templates/rescues/diagnostics.erb within rescues/layout (13.7ms)


Started GET "/checkout" for 127.0.0.1 at 2013-11-19 20:24:51 +0000
Processing by CartController#createOrder as HTML
Completed 500 Internal Server Error in 1ms

NoMethodError (undefined method `id' for nil:NilClass):
  app/controllers/cart_controller.rb:50:in `createOrder'


  Rendered /Users/hblankenstein/.rvm/gems/ruby-2.0.0-p247/gems/actionpack-4.0.1/lib/action_dispatch/middleware/templates/rescues/_source.erb (0.7ms)
  Rendered /Users/hblankenstein/.rvm/gems/ruby-2.0.0-p247/gems/actionpack-4.0.1/lib/action_dispatch/middleware/templates/rescues/_trace.erb (1.1ms)
  Rendered /Users/hblankenstein/.rvm/gems/ruby-2.0.0-p247/gems/actionpack-4.0.1/lib/action_dispatch/middleware/templates/rescues/_request_and_response.erb (0.7ms)
  Rendered /Users/hblankenstein/.rvm/gems/ruby-2.0.0-p247/gems/actionpack-4.0.1/lib/action_dispatch/middleware/templates/rescues/diagnostics.erb within rescues/layout (13.5ms)


Started GET "/cart/index" for 127.0.0.1 at 2013-11-19 20:24:53 +0000
Processing by CartController#index as HTML
  Rendered cart/index.html.erb within layouts/application (7.7ms)
Completed 200 OK in 64ms (Views: 63.1ms | ActiveRecord: 0.0ms)


Started GET "/assets/application.css?body=1" for 127.0.0.1 at 2013-11-19 20:24:53 +0000


Started GET "/assets/cart.css?body=1" for 127.0.0.1 at 2013-11-19 20:24:53 +0000


Started GET "/assets/items.css?body=1" for 127.0.0.1 at 2013-11-19 20:24:53 +0000


Started GET "/assets/scaffolds.css?body=1" for 127.0.0.1 at 2013-11-19 20:24:53 +0000


Started GET "/assets/jquery.js?body=1" for 127.0.0.1 at 2013-11-19 20:24:53 +0000


Started GET "/assets/site.css?body=1" for 127.0.0.1 at 2013-11-19 20:24:53 +0000


Started GET "/assets/jquery_ujs.js?body=1" for 127.0.0.1 at 2013-11-19 20:24:53 +0000


Started GET "/assets/turbolinks.js?body=1" for 127.0.0.1 at 2013-11-19 20:24:53 +0000


Started GET "/assets/cart.js?body=1" for 127.0.0.1 at 2013-11-19 20:24:53 +0000


Started GET "/assets/items.js?body=1" for 127.0.0.1 at 2013-11-19 20:24:53 +0000


Started GET "/assets/site.js?body=1" for 127.0.0.1 at 2013-11-19 20:24:53 +0000


Started GET "/assets/application.js?body=1" for 127.0.0.1 at 2013-11-19 20:24:53 +0000


Started GET "/users/sign_up" for 127.0.0.1 at 2013-11-19 20:24:55 +0000
Processing by Devise::RegistrationsController#new as HTML
  Rendered /Users/hblankenstein/.rvm/gems/ruby-2.0.0-p247/gems/devise-3.2.1/app/views/devise/shared/_links.erb (1.6ms)
  Rendered /Users/hblankenstein/.rvm/gems/ruby-2.0.0-p247/gems/devise-3.2.1/app/views/devise/registrations/new.html.erb within layouts/application (44.2ms)
Completed 200 OK in 54ms (Views: 51.6ms | ActiveRecord: 0.3ms)


Started POST "/users" for 127.0.0.1 at 2013-11-19 20:25:03 +0000
Processing by Devise::RegistrationsController#create as HTML
  Parameters: {"utf8"=>"✓", "authenticity_token"=>"WM9nai+cuTk0SbfwJjyqju2lJd892dxlT7BzMkrI63w=", "user"=>{"email"=>"blanhan@hotmail.com", "password"=>"[FILTERED]", "password_confirmation"=>"[FILTERED]"}, "commit"=>"Sign up"}
  [1m[35m (0.1ms)[0m  begin transaction
  [1m[36mUser Exists (0.2ms)[0m  [1mSELECT 1 AS one FROM "users" WHERE "users"."email" = 'blanhan@hotmail.com' LIMIT 1[0m
Binary data inserted for `string` type on column `encrypted_password`
  [1m[35mSQL (2.5ms)[0m  INSERT INTO "users" ("created_at", "email", "encrypted_password", "updated_at") VALUES (?, ?, ?, ?)  [["created_at", Tue, 19 Nov 2013 20:25:03 UTC +00:00], ["email", "blanhan@hotmail.com"], ["encrypted_password", "$2a$10$JAZEGvytdGcyzyT6MhMqg.B9jcD3Hao4WKwkEv0JemuiFflrsfULW"], ["updated_at", Tue, 19 Nov 2013 20:25:03 UTC +00:00]]
  [1m[36m (0.9ms)[0m  [1mcommit transaction[0m
  [1m[35m (0.0ms)[0m  begin transaction
Binary data inserted for `string` type on column `last_sign_in_ip`
Binary data inserted for `string` type on column `current_sign_in_ip`
  [1m[36mSQL (0.5ms)[0m  [1mUPDATE "users" SET "last_sign_in_at" = ?, "current_sign_in_at" = ?, "last_sign_in_ip" = ?, "current_sign_in_ip" = ?, "sign_in_count" = ?, "updated_at" = ? WHERE "users"."id" = 1[0m  [["last_sign_in_at", Tue, 19 Nov 2013 20:25:03 UTC +00:00], ["current_sign_in_at", Tue, 19 Nov 2013 20:25:03 UTC +00:00], ["last_sign_in_ip", "127.0.0.1"], ["current_sign_in_ip", "127.0.0.1"], ["sign_in_count", 1], ["updated_at", Tue, 19 Nov 2013 20:25:03 UTC +00:00]]
  [1m[35m (0.7ms)[0m  commit transaction
Redirected to http://localhost:3000/
Completed 302 Found in 91ms (ActiveRecord: 4.9ms)


Started GET "/" for 127.0.0.1 at 2013-11-19 20:25:03 +0000
Processing by SiteController#home as HTML
  Rendered site/home.html.erb within layouts/application (0.3ms)
  [1m[36mUser Load (0.2ms)[0m  [1mSELECT "users".* FROM "users" WHERE "users"."id" = 1 ORDER BY "users"."id" ASC LIMIT 1[0m
Completed 200 OK in 9ms (Views: 7.7ms | ActiveRecord: 0.2ms)


Started GET "/assets/items.css?body=1" for 127.0.0.1 at 2013-11-19 20:25:03 +0000


Started GET "/assets/application.css?body=1" for 127.0.0.1 at 2013-11-19 20:25:03 +0000


Started GET "/assets/scaffolds.css?body=1" for 127.0.0.1 at 2013-11-19 20:25:03 +0000


Started GET "/assets/jquery.js?body=1" for 127.0.0.1 at 2013-11-19 20:25:03 +0000


Started GET "/assets/site.css?body=1" for 127.0.0.1 at 2013-11-19 20:25:03 +0000


Started GET "/assets/cart.css?body=1" for 127.0.0.1 at 2013-11-19 20:25:03 +0000


Started GET "/assets/jquery_ujs.js?body=1" for 127.0.0.1 at 2013-11-19 20:25:03 +0000


Started GET "/assets/cart.js?body=1" for 127.0.0.1 at 2013-11-19 20:25:03 +0000


Started GET "/assets/items.js?body=1" for 127.0.0.1 at 2013-11-19 20:25:03 +0000


Started GET "/assets/turbolinks.js?body=1" for 127.0.0.1 at 2013-11-19 20:25:03 +0000


Started GET "/assets/site.js?body=1" for 127.0.0.1 at 2013-11-19 20:25:03 +0000


Started GET "/assets/application.js?body=1" for 127.0.0.1 at 2013-11-19 20:25:03 +0000


Started GET "/items" for 127.0.0.1 at 2013-11-19 20:25:10 +0000
Processing by ItemsController#index as HTML
  [1m[35mItem Load (0.2ms)[0m  SELECT "items".* FROM "items"
DEPRECATION WARNING: :confirm option is deprecated and will be removed from Rails 4.1. Use 'data: { confirm: 'Text' }' instead. (called from block in _app_views_items_index_html_erb__1924653111398768221_70207666934200 at /Users/hblankenstein/RubymineProjects/antiqueagain/app/views/items/index.html.erb:27)
  Rendered items/index.html.erb within layouts/application (10.6ms)
  [1m[36mUser Load (0.2ms)[0m  [1mSELECT "users".* FROM "users" WHERE "users"."id" = 1 ORDER BY "users"."id" ASC LIMIT 1[0m
Completed 200 OK in 19ms (Views: 16.3ms | ActiveRecord: 0.6ms)


Started GET "/assets/items.css?body=1" for 127.0.0.1 at 2013-11-19 20:25:10 +0000


Started GET "/assets/application.css?body=1" for 127.0.0.1 at 2013-11-19 20:25:10 +0000


Started GET "/assets/jquery.js?body=1" for 127.0.0.1 at 2013-11-19 20:25:10 +0000


Started GET "/assets/cart.css?body=1" for 127.0.0.1 at 2013-11-19 20:25:10 +0000


Started GET "/assets/scaffolds.css?body=1" for 127.0.0.1 at 2013-11-19 20:25:10 +0000


Started GET "/assets/jquery_ujs.js?body=1" for 127.0.0.1 at 2013-11-19 20:25:10 +0000


Started GET "/assets/site.css?body=1" for 127.0.0.1 at 2013-11-19 20:25:10 +0000


Started GET "/assets/turbolinks.js?body=1" for 127.0.0.1 at 2013-11-19 20:25:10 +0000


Started GET "/assets/cart.js?body=1" for 127.0.0.1 at 2013-11-19 20:25:10 +0000


Started GET "/assets/items.js?body=1" for 127.0.0.1 at 2013-11-19 20:25:10 +0000


Started GET "/assets/site.js?body=1" for 127.0.0.1 at 2013-11-19 20:25:10 +0000


Started GET "/assets/application.js?body=1" for 127.0.0.1 at 2013-11-19 20:25:10 +0000


Started GET "/assets/tea.jpg" for 127.0.0.1 at 2013-11-19 20:25:10 +0000


Started GET "/cart/1" for 127.0.0.1 at 2013-11-19 20:25:20 +0000
Processing by CartController#add as HTML
  Parameters: {"id"=>"1"}
Redirected to http://localhost:3000/cart/index
Completed 302 Found in 1ms (ActiveRecord: 0.0ms)


Started GET "/cart/index" for 127.0.0.1 at 2013-11-19 20:25:20 +0000
Processing by CartController#index as HTML
  [1m[35mItem Load (0.2ms)[0m  SELECT "items".* FROM "items" WHERE "items"."id" = 1 LIMIT 1
  Rendered cart/index.html.erb within layouts/application (3.3ms)
  [1m[36mUser Load (0.1ms)[0m  [1mSELECT "users".* FROM "users" WHERE "users"."id" = 1 ORDER BY "users"."id" ASC LIMIT 1[0m
Completed 200 OK in 9ms (Views: 8.7ms | ActiveRecord: 0.3ms)
  [1m[36mActiveRecord::SchemaMigration Load (0.1ms)[0m  [1mSELECT "schema_migrations".* FROM "schema_migrations"[0m
Migrating to CreateOrders (20131119202601)
  [1m[35m (0.1ms)[0m  begin transaction
  [1m[36m (0.4ms)[0m  [1mCREATE TABLE "orders" ("id" INTEGER PRIMARY KEY AUTOINCREMENT NOT NULL, "order_date" datetime, "user_id" integer, "created_at" datetime, "updated_at" datetime) [0m
  [1m[35m (0.1ms)[0m  CREATE INDEX "index_orders_on_user_id" ON "orders" ("user_id")
  [1m[36mSQL (0.1ms)[0m  [1mINSERT INTO "schema_migrations" ("version") VALUES (?)[0m  [["version", "20131119202601"]]
  [1m[35m (3.0ms)[0m  commit transaction
Migrating to CreateOrderitems (20131119202626)
  [1m[36m (0.1ms)[0m  [1mbegin transaction[0m
  [1m[35m (0.3ms)[0m  CREATE TABLE "orderitems" ("id" INTEGER PRIMARY KEY AUTOINCREMENT NOT NULL, "item_id" integer, "title" varchar(255), "description" text, "quantity" integer, "price" decimal, "order_id" integer, "created_at" datetime, "updated_at" datetime) 
  [1m[36m (0.1ms)[0m  [1mCREATE INDEX "index_orderitems_on_order_id" ON "orderitems" ("order_id")[0m
  [1m[35mSQL (0.1ms)[0m  INSERT INTO "schema_migrations" ("version") VALUES (?)  [["version", "20131119202626"]]
  [1m[36m (0.9ms)[0m  [1mcommit transaction[0m
  [1m[35mActiveRecord::SchemaMigration Load (0.1ms)[0m  SELECT "schema_migrations".* FROM "schema_migrations"


Started GET "/items" for 127.0.0.1 at 2013-11-19 20:29:00 +0000
  [1m[36mActiveRecord::SchemaMigration Load (0.1ms)[0m  [1mSELECT "schema_migrations".* FROM "schema_migrations"[0m
Processing by ItemsController#index as HTML
  [1m[35mItem Load (0.2ms)[0m  SELECT "items".* FROM "items"
DEPRECATION WARNING: :confirm option is deprecated and will be removed from Rails 4.1. Use 'data: { confirm: 'Text' }' instead. (called from block in _app_views_items_index_html_erb__1741492646529990891_70291553076240 at /Users/hblankenstein/RubymineProjects/antiqueagain/app/views/items/index.html.erb:27)
  Rendered items/index.html.erb within layouts/application (15.9ms)
  [1m[36mUser Load (0.1ms)[0m  [1mSELECT "users".* FROM "users" WHERE "users"."id" = 1 ORDER BY "users"."id" ASC LIMIT 1[0m
Completed 200 OK in 261ms (Views: 244.6ms | ActiveRecord: 0.8ms)


Started GET "/items" for 127.0.0.1 at 2013-11-19 20:29:00 +0000
Processing by ItemsController#index as HTML
  [1m[35mItem Load (0.2ms)[0m  SELECT "items".* FROM "items"
DEPRECATION WARNING: :confirm option is deprecated and will be removed from Rails 4.1. Use 'data: { confirm: 'Text' }' instead. (called from block in _app_views_items_index_html_erb__1741492646529990891_70291548347100 at /Users/hblankenstein/RubymineProjects/antiqueagain/app/views/items/index.html.erb:27)
  Rendered items/index.html.erb within layouts/application (2.7ms)
  [1m[36mUser Load (0.1ms)[0m  [1mSELECT "users".* FROM "users" WHERE "users"."id" = 1 ORDER BY "users"."id" ASC LIMIT 1[0m
Completed 200 OK in 10ms (Views: 8.6ms | ActiveRecord: 0.3ms)


Started GET "/assets/application.css?body=1" for 127.0.0.1 at 2013-11-19 20:29:00 +0000


Started GET "/assets/cart.css?body=1" for 127.0.0.1 at 2013-11-19 20:29:00 +0000


Started GET "/assets/orderitems.css?body=1" for 127.0.0.1 at 2013-11-19 20:29:00 +0000


Started GET "/assets/items.css?body=1" for 127.0.0.1 at 2013-11-19 20:29:00 +0000


Started GET "/assets/orders.css?body=1" for 127.0.0.1 at 2013-11-19 20:29:00 +0000


Started GET "/assets/scaffolds.css?body=1" for 127.0.0.1 at 2013-11-19 20:29:00 +0000


Started GET "/assets/site.css?body=1" for 127.0.0.1 at 2013-11-19 20:29:00 +0000


Started GET "/assets/jquery.js?body=1" for 127.0.0.1 at 2013-11-19 20:29:00 +0000


Started GET "/assets/jquery_ujs.js?body=1" for 127.0.0.1 at 2013-11-19 20:29:00 +0000


Started GET "/assets/turbolinks.js?body=1" for 127.0.0.1 at 2013-11-19 20:29:00 +0000


Started GET "/assets/cart.js?body=1" for 127.0.0.1 at 2013-11-19 20:29:00 +0000


Started GET "/assets/items.js?body=1" for 127.0.0.1 at 2013-11-19 20:29:00 +0000


Started GET "/assets/orderitems.js?body=1" for 127.0.0.1 at 2013-11-19 20:29:00 +0000


Started GET "/assets/orders.js?body=1" for 127.0.0.1 at 2013-11-19 20:29:00 +0000


Started GET "/assets/site.js?body=1" for 127.0.0.1 at 2013-11-19 20:29:00 +0000


Started GET "/assets/application.js?body=1" for 127.0.0.1 at 2013-11-19 20:29:00 +0000


Started GET "/assets/tea.jpg" for 127.0.0.1 at 2013-11-19 20:29:00 +0000


Started GET "/cart/1" for 127.0.0.1 at 2013-11-19 20:29:02 +0000
Processing by CartController#add as HTML
  Parameters: {"id"=>"1"}
Redirected to http://localhost:3000/cart/index
Completed 302 Found in 2ms (ActiveRecord: 0.0ms)


Started GET "/cart/index" for 127.0.0.1 at 2013-11-19 20:29:02 +0000
Processing by CartController#index as HTML
  [1m[35mItem Load (0.2ms)[0m  SELECT "items".* FROM "items" WHERE "items"."id" = 1 LIMIT 1
  Rendered cart/index.html.erb within layouts/application (3.6ms)
  [1m[36mUser Load (0.1ms)[0m  [1mSELECT "users".* FROM "users" WHERE "users"."id" = 1 ORDER BY "users"."id" ASC LIMIT 1[0m
Completed 200 OK in 11ms (Views: 9.7ms | ActiveRecord: 0.3ms)


Started GET "/checkout" for 127.0.0.1 at 2013-11-19 20:29:07 +0000
Processing by CartController#createOrder as HTML
  [1m[35mUser Load (0.2ms)[0m  SELECT "users".* FROM "users" WHERE "users"."id" = 1 ORDER BY "users"."id" ASC LIMIT 1
  [1m[36mUser Load (1.8ms)[0m  [1mSELECT "users".* FROM "users" WHERE "users"."id" = ? LIMIT 1[0m  [["id", 1]]
  [1m[35m (0.1ms)[0m  begin transaction
  [1m[36mSQL (1.2ms)[0m  [1mINSERT INTO "orders" ("created_at", "updated_at") VALUES (?, ?)[0m  [["created_at", Tue, 19 Nov 2013 20:29:07 UTC +00:00], ["updated_at", Tue, 19 Nov 2013 20:29:07 UTC +00:00]]
  [1m[35m (0.8ms)[0m  commit transaction
  [1m[36mItem Load (0.2ms)[0m  [1mSELECT "items".* FROM "items" WHERE "items"."id" = 1 LIMIT 1[0m
  [1m[35m (0.1ms)[0m  begin transaction
  [1m[36mSQL (0.5ms)[0m  [1mINSERT INTO "orderitems" ("created_at", "description", "item_id", "order_id", "price", "quantity", "title", "updated_at") VALUES (?, ?, ?, ?, ?, ?, ?, ?)[0m  [["created_at", Tue, 19 Nov 2013 20:29:07 UTC +00:00], ["description", "This pot will kill you. "], ["item_id", 1], ["order_id", 1], ["price", #<BigDecimal:7fdc0d8fbdd0,'0.1E3',9(36)>], ["quantity", 2], ["title", "Tea Pot"], ["updated_at", Tue, 19 Nov 2013 20:29:07 UTC +00:00]]
  [1m[35m (0.8ms)[0m  commit transaction
Completed 500 Internal Server Error in 47ms

ActionView::MissingTemplate (Missing template cart/createOrder, application/createOrder with {:locale=>[:en], :formats=>[:html, :xml], :handlers=>[:erb, :builder, :raw, :ruby, :jbuilder, :coffee]}. Searched in:
  * "/Users/hblankenstein/RubymineProjects/antiqueagain/app/views"
  * "/Users/hblankenstein/.rvm/gems/ruby-2.0.0-p247/gems/devise-3.2.1/app/views"
):
  actionpack (4.0.1) lib/action_view/path_set.rb:46:in `find'
  actionpack (4.0.1) lib/action_view/lookup_context.rb:115:in `find'
  actionpack (4.0.1) lib/action_view/renderer/abstract_renderer.rb:18:in `find_template'
  actionpack (4.0.1) lib/action_view/renderer/template_renderer.rb:35:in `determine_template'
  actionpack (4.0.1) lib/action_view/renderer/template_renderer.rb:8:in `render'
  actionpack (4.0.1) lib/action_view/renderer/renderer.rb:42:in `render_template'
  actionpack (4.0.1) lib/action_view/renderer/renderer.rb:23:in `render'
  actionpack (4.0.1) lib/abstract_controller/rendering.rb:127:in `_render_template'
  actionpack (4.0.1) lib/action_controller/metal/streaming.rb:219:in `_render_template'
  actionpack (4.0.1) lib/abstract_controller/rendering.rb:120:in `render_to_body'
  actionpack (4.0.1) lib/action_controller/metal/rendering.rb:33:in `render_to_body'
  actionpack (4.0.1) lib/action_controller/metal/renderers.rb:26:in `render_to_body'
  actionpack (4.0.1) lib/abstract_controller/rendering.rb:97:in `render'
  actionpack (4.0.1) lib/action_controller/metal/rendering.rb:16:in `render'
  actionpack (4.0.1) lib/action_controller/metal/instrumentation.rb:41:in `block (2 levels) in render'
  activesupport (4.0.1) lib/active_support/core_ext/benchmark.rb:12:in `block in ms'
  /Users/hblankenstein/.rvm/rubies/ruby-2.0.0-p247/lib/ruby/2.0.0/benchmark.rb:296:in `realtime'
  activesupport (4.0.1) lib/active_support/core_ext/benchmark.rb:12:in `ms'
  actionpack (4.0.1) lib/action_controller/metal/instrumentation.rb:41:in `block in render'
  actionpack (4.0.1) lib/action_controller/metal/instrumentation.rb:84:in `cleanup_view_runtime'
  activerecord (4.0.1) lib/active_record/railties/controller_runtime.rb:25:in `cleanup_view_runtime'
  actionpack (4.0.1) lib/action_controller/metal/instrumentation.rb:40:in `render'
  actionpack (4.0.1) lib/action_controller/metal/implicit_render.rb:10:in `default_render'
  actionpack (4.0.1) lib/action_controller/metal/implicit_render.rb:5:in `send_action'
  actionpack (4.0.1) lib/abstract_controller/base.rb:189:in `process_action'
  actionpack (4.0.1) lib/action_controller/metal/rendering.rb:10:in `process_action'
  actionpack (4.0.1) lib/abstract_controller/callbacks.rb:18:in `block in process_action'
  activesupport (4.0.1) lib/active_support/callbacks.rb:403:in `_run__2975275546873297748__process_action__callbacks'
  activesupport (4.0.1) lib/active_support/callbacks.rb:80:in `run_callbacks'
  actionpack (4.0.1) lib/abstract_controller/callbacks.rb:17:in `process_action'
  actionpack (4.0.1) lib/action_controller/metal/rescue.rb:29:in `process_action'
  actionpack (4.0.1) lib/action_controller/metal/instrumentation.rb:31:in `block in process_action'
  activesupport (4.0.1) lib/active_support/notifications.rb:159:in `block in instrument'
  activesupport (4.0.1) lib/active_support/notifications/instrumenter.rb:20:in `instrument'
  activesupport (4.0.1) lib/active_support/notifications.rb:159:in `instrument'
  actionpack (4.0.1) lib/action_controller/metal/instrumentation.rb:30:in `process_action'
  actionpack (4.0.1) lib/action_controller/metal/params_wrapper.rb:245:in `process_action'
  activerecord (4.0.1) lib/active_record/railties/controller_runtime.rb:18:in `process_action'
  actionpack (4.0.1) lib/abstract_controller/base.rb:136:in `process'
  actionpack (4.0.1) lib/abstract_controller/rendering.rb:44:in `process'
  actionpack (4.0.1) lib/action_controller/metal.rb:195:in `dispatch'
  actionpack (4.0.1) lib/action_controller/metal/rack_delegation.rb:13:in `dispatch'
  actionpack (4.0.1) lib/action_controller/metal.rb:231:in `block in action'
  actionpack (4.0.1) lib/action_dispatch/routing/route_set.rb:80:in `call'
  actionpack (4.0.1) lib/action_dispatch/routing/route_set.rb:80:in `dispatch'
  actionpack (4.0.1) lib/action_dispatch/routing/route_set.rb:48:in `call'
  actionpack (4.0.1) lib/action_dispatch/journey/router.rb:71:in `block in call'
  actionpack (4.0.1) lib/action_dispatch/journey/router.rb:59:in `each'
  actionpack (4.0.1) lib/action_dispatch/journey/router.rb:59:in `call'
  actionpack (4.0.1) lib/action_dispatch/routing/route_set.rb:680:in `call'
  warden (1.2.3) lib/warden/manager.rb:35:in `block in call'
  warden (1.2.3) lib/warden/manager.rb:34:in `catch'
  warden (1.2.3) lib/warden/manager.rb:34:in `call'
  rack (1.5.2) lib/rack/etag.rb:23:in `call'
  rack (1.5.2) lib/rack/conditionalget.rb:25:in `call'
  rack (1.5.2) lib/rack/head.rb:11:in `call'
  actionpack (4.0.1) lib/action_dispatch/middleware/params_parser.rb:27:in `call'
  actionpack (4.0.1) lib/action_dispatch/middleware/flash.rb:241:in `call'
  rack (1.5.2) lib/rack/session/abstract/id.rb:225:in `context'
  rack (1.5.2) lib/rack/session/abstract/id.rb:220:in `call'
  actionpack (4.0.1) lib/action_dispatch/middleware/cookies.rb:486:in `call'
  activerecord (4.0.1) lib/active_record/query_cache.rb:36:in `call'
  activerecord (4.0.1) lib/active_record/connection_adapters/abstract/connection_pool.rb:626:in `call'
  activerecord (4.0.1) lib/active_record/migration.rb:369:in `call'
  actionpack (4.0.1) lib/action_dispatch/middleware/callbacks.rb:29:in `block in call'
  activesupport (4.0.1) lib/active_support/callbacks.rb:373:in `_run__2769234242578420893__call__callbacks'
  activesupport (4.0.1) lib/active_support/callbacks.rb:80:in `run_callbacks'
  actionpack (4.0.1) lib/action_dispatch/middleware/callbacks.rb:27:in `call'
  actionpack (4.0.1) lib/action_dispatch/middleware/reloader.rb:64:in `call'
  actionpack (4.0.1) lib/action_dispatch/middleware/remote_ip.rb:76:in `call'
  actionpack (4.0.1) lib/action_dispatch/middleware/debug_exceptions.rb:17:in `call'
  actionpack (4.0.1) lib/action_dispatch/middleware/show_exceptions.rb:30:in `call'
  railties (4.0.1) lib/rails/rack/logger.rb:38:in `call_app'
  railties (4.0.1) lib/rails/rack/logger.rb:20:in `block in call'
  activesupport (4.0.1) lib/active_support/tagged_logging.rb:67:in `block in tagged'
  activesupport (4.0.1) lib/active_support/tagged_logging.rb:25:in `tagged'
  activesupport (4.0.1) lib/active_support/tagged_logging.rb:67:in `tagged'
  railties (4.0.1) lib/rails/rack/logger.rb:20:in `call'
  actionpack (4.0.1) lib/action_dispatch/middleware/request_id.rb:21:in `call'
  rack (1.5.2) lib/rack/methodoverride.rb:21:in `call'
  rack (1.5.2) lib/rack/runtime.rb:17:in `call'
  activesupport (4.0.1) lib/active_support/cache/strategy/local_cache.rb:83:in `call'
  rack (1.5.2) lib/rack/lock.rb:17:in `call'
  actionpack (4.0.1) lib/action_dispatch/middleware/static.rb:64:in `call'
  rack (1.5.2) lib/rack/sendfile.rb:112:in `call'
  railties (4.0.1) lib/rails/engine.rb:511:in `call'
  railties (4.0.1) lib/rails/application.rb:97:in `call'
  rack (1.5.2) lib/rack/lock.rb:17:in `call'
  rack (1.5.2) lib/rack/content_length.rb:14:in `call'
  rack (1.5.2) lib/rack/handler/webrick.rb:60:in `service'
  /Users/hblankenstein/.rvm/rubies/ruby-2.0.0-p247/lib/ruby/2.0.0/webrick/httpserver.rb:138:in `service'
  /Users/hblankenstein/.rvm/rubies/ruby-2.0.0-p247/lib/ruby/2.0.0/webrick/httpserver.rb:94:in `run'
  /Users/hblankenstein/.rvm/rubies/ruby-2.0.0-p247/lib/ruby/2.0.0/webrick/server.rb:295:in `block in start_thread'


  Rendered /Users/hblankenstein/.rvm/gems/ruby-2.0.0-p247/gems/actionpack-4.0.1/lib/action_dispatch/middleware/templates/rescues/missing_template.erb within rescues/layout (0.4ms)


Started GET "/checkout" for 127.0.0.1 at 2013-11-19 20:29:07 +0000
Processing by CartController#createOrder as HTML
  [1m[36mUser Load (0.2ms)[0m  [1mSELECT "users".* FROM "users" WHERE "users"."id" = 1 ORDER BY "users"."id" ASC LIMIT 1[0m
  [1m[35mUser Load (0.1ms)[0m  SELECT "users".* FROM "users" WHERE "users"."id" = ? LIMIT 1  [["id", 1]]
  [1m[36m (0.1ms)[0m  [1mbegin transaction[0m
  [1m[35mSQL (0.4ms)[0m  INSERT INTO "orders" ("created_at", "updated_at") VALUES (?, ?)  [["created_at", Tue, 19 Nov 2013 20:29:07 UTC +00:00], ["updated_at", Tue, 19 Nov 2013 20:29:07 UTC +00:00]]
  [1m[36m (0.8ms)[0m  [1mcommit transaction[0m
  [1m[35mItem Load (0.1ms)[0m  SELECT "items".* FROM "items" WHERE "items"."id" = 1 LIMIT 1
  [1m[36m (0.0ms)[0m  [1mbegin transaction[0m
  [1m[35mSQL (0.3ms)[0m  INSERT INTO "orderitems" ("created_at", "description", "item_id", "order_id", "price", "quantity", "title", "updated_at") VALUES (?, ?, ?, ?, ?, ?, ?, ?)  [["created_at", Tue, 19 Nov 2013 20:29:07 UTC +00:00], ["description", "This pot will kill you. "], ["item_id", 1], ["order_id", 2], ["price", #<BigDecimal:7fdc0c628208,'0.1E3',9(36)>], ["quantity", 2], ["title", "Tea Pot"], ["updated_at", Tue, 19 Nov 2013 20:29:07 UTC +00:00]]
  [1m[36m (0.7ms)[0m  [1mcommit transaction[0m
Completed 500 Internal Server Error in 9ms

ActionView::MissingTemplate (Missing template cart/createOrder, application/createOrder with {:locale=>[:en], :formats=>[:html], :handlers=>[:erb, :builder, :raw, :ruby, :jbuilder, :coffee]}. Searched in:
  * "/Users/hblankenstein/RubymineProjects/antiqueagain/app/views"
  * "/Users/hblankenstein/.rvm/gems/ruby-2.0.0-p247/gems/devise-3.2.1/app/views"
):
  actionpack (4.0.1) lib/action_view/path_set.rb:46:in `find'
  actionpack (4.0.1) lib/action_view/lookup_context.rb:115:in `find'
  actionpack (4.0.1) lib/action_view/renderer/abstract_renderer.rb:18:in `find_template'
  actionpack (4.0.1) lib/action_view/renderer/template_renderer.rb:35:in `determine_template'
  actionpack (4.0.1) lib/action_view/renderer/template_renderer.rb:8:in `render'
  actionpack (4.0.1) lib/action_view/renderer/renderer.rb:42:in `render_template'
  actionpack (4.0.1) lib/action_view/renderer/renderer.rb:23:in `render'
  actionpack (4.0.1) lib/abstract_controller/rendering.rb:127:in `_render_template'
  actionpack (4.0.1) lib/action_controller/metal/streaming.rb:219:in `_render_template'
  actionpack (4.0.1) lib/abstract_controller/rendering.rb:120:in `render_to_body'
  actionpack (4.0.1) lib/action_controller/metal/rendering.rb:33:in `render_to_body'
  actionpack (4.0.1) lib/action_controller/metal/renderers.rb:26:in `render_to_body'
  actionpack (4.0.1) lib/abstract_controller/rendering.rb:97:in `render'
  actionpack (4.0.1) lib/action_controller/metal/rendering.rb:16:in `render'
  actionpack (4.0.1) lib/action_controller/metal/instrumentation.rb:41:in `block (2 levels) in render'
  activesupport (4.0.1) lib/active_support/core_ext/benchmark.rb:12:in `block in ms'
  /Users/hblankenstein/.rvm/rubies/ruby-2.0.0-p247/lib/ruby/2.0.0/benchmark.rb:296:in `realtime'
  activesupport (4.0.1) lib/active_support/core_ext/benchmark.rb:12:in `ms'
  actionpack (4.0.1) lib/action_controller/metal/instrumentation.rb:41:in `block in render'
  actionpack (4.0.1) lib/action_controller/metal/instrumentation.rb:84:in `cleanup_view_runtime'
  activerecord (4.0.1) lib/active_record/railties/controller_runtime.rb:25:in `cleanup_view_runtime'
  actionpack (4.0.1) lib/action_controller/metal/instrumentation.rb:40:in `render'
  actionpack (4.0.1) lib/action_controller/metal/implicit_render.rb:10:in `default_render'
  actionpack (4.0.1) lib/action_controller/metal/implicit_render.rb:5:in `send_action'
  actionpack (4.0.1) lib/abstract_controller/base.rb:189:in `process_action'
  actionpack (4.0.1) lib/action_controller/metal/rendering.rb:10:in `process_action'
  actionpack (4.0.1) lib/abstract_controller/callbacks.rb:18:in `block in process_action'
  activesupport (4.0.1) lib/active_support/callbacks.rb:403:in `_run__2975275546873297748__process_action__callbacks'
  activesupport (4.0.1) lib/active_support/callbacks.rb:80:in `run_callbacks'
  actionpack (4.0.1) lib/abstract_controller/callbacks.rb:17:in `process_action'
  actionpack (4.0.1) lib/action_controller/metal/rescue.rb:29:in `process_action'
  actionpack (4.0.1) lib/action_controller/metal/instrumentation.rb:31:in `block in process_action'
  activesupport (4.0.1) lib/active_support/notifications.rb:159:in `block in instrument'
  activesupport (4.0.1) lib/active_support/notifications/instrumenter.rb:20:in `instrument'
  activesupport (4.0.1) lib/active_support/notifications.rb:159:in `instrument'
  actionpack (4.0.1) lib/action_controller/metal/instrumentation.rb:30:in `process_action'
  actionpack (4.0.1) lib/action_controller/metal/params_wrapper.rb:245:in `process_action'
  activerecord (4.0.1) lib/active_record/railties/controller_runtime.rb:18:in `process_action'
  actionpack (4.0.1) lib/abstract_controller/base.rb:136:in `process'
  actionpack (4.0.1) lib/abstract_controller/rendering.rb:44:in `process'
  actionpack (4.0.1) lib/action_controller/metal.rb:195:in `dispatch'
  actionpack (4.0.1) lib/action_controller/metal/rack_delegation.rb:13:in `dispatch'
  actionpack (4.0.1) lib/action_controller/metal.rb:231:in `block in action'
  actionpack (4.0.1) lib/action_dispatch/routing/route_set.rb:80:in `call'
  actionpack (4.0.1) lib/action_dispatch/routing/route_set.rb:80:in `dispatch'
  actionpack (4.0.1) lib/action_dispatch/routing/route_set.rb:48:in `call'
  actionpack (4.0.1) lib/action_dispatch/journey/router.rb:71:in `block in call'
  actionpack (4.0.1) lib/action_dispatch/journey/router.rb:59:in `each'
  actionpack (4.0.1) lib/action_dispatch/journey/router.rb:59:in `call'
  actionpack (4.0.1) lib/action_dispatch/routing/route_set.rb:680:in `call'
  warden (1.2.3) lib/warden/manager.rb:35:in `block in call'
  warden (1.2.3) lib/warden/manager.rb:34:in `catch'
  warden (1.2.3) lib/warden/manager.rb:34:in `call'
  rack (1.5.2) lib/rack/etag.rb:23:in `call'
  rack (1.5.2) lib/rack/conditionalget.rb:25:in `call'
  rack (1.5.2) lib/rack/head.rb:11:in `call'
  actionpack (4.0.1) lib/action_dispatch/middleware/params_parser.rb:27:in `call'
  actionpack (4.0.1) lib/action_dispatch/middleware/flash.rb:241:in `call'
  rack (1.5.2) lib/rack/session/abstract/id.rb:225:in `context'
  rack (1.5.2) lib/rack/session/abstract/id.rb:220:in `call'
  actionpack (4.0.1) lib/action_dispatch/middleware/cookies.rb:486:in `call'
  activerecord (4.0.1) lib/active_record/query_cache.rb:36:in `call'
  activerecord (4.0.1) lib/active_record/connection_adapters/abstract/connection_pool.rb:626:in `call'
  activerecord (4.0.1) lib/active_record/migration.rb:369:in `call'
  actionpack (4.0.1) lib/action_dispatch/middleware/callbacks.rb:29:in `block in call'
  activesupport (4.0.1) lib/active_support/callbacks.rb:373:in `_run__2769234242578420893__call__callbacks'
  activesupport (4.0.1) lib/active_support/callbacks.rb:80:in `run_callbacks'
  actionpack (4.0.1) lib/action_dispatch/middleware/callbacks.rb:27:in `call'
  actionpack (4.0.1) lib/action_dispatch/middleware/reloader.rb:64:in `call'
  actionpack (4.0.1) lib/action_dispatch/middleware/remote_ip.rb:76:in `call'
  actionpack (4.0.1) lib/action_dispatch/middleware/debug_exceptions.rb:17:in `call'
  actionpack (4.0.1) lib/action_dispatch/middleware/show_exceptions.rb:30:in `call'
  railties (4.0.1) lib/rails/rack/logger.rb:38:in `call_app'
  railties (4.0.1) lib/rails/rack/logger.rb:20:in `block in call'
  activesupport (4.0.1) lib/active_support/tagged_logging.rb:67:in `block in tagged'
  activesupport (4.0.1) lib/active_support/tagged_logging.rb:25:in `tagged'
  activesupport (4.0.1) lib/active_support/tagged_logging.rb:67:in `tagged'
  railties (4.0.1) lib/rails/rack/logger.rb:20:in `call'
  actionpack (4.0.1) lib/action_dispatch/middleware/request_id.rb:21:in `call'
  rack (1.5.2) lib/rack/methodoverride.rb:21:in `call'
  rack (1.5.2) lib/rack/runtime.rb:17:in `call'
  activesupport (4.0.1) lib/active_support/cache/strategy/local_cache.rb:83:in `call'
  rack (1.5.2) lib/rack/lock.rb:17:in `call'
  actionpack (4.0.1) lib/action_dispatch/middleware/static.rb:64:in `call'
  rack (1.5.2) lib/rack/sendfile.rb:112:in `call'
  railties (4.0.1) lib/rails/engine.rb:511:in `call'
  railties (4.0.1) lib/rails/application.rb:97:in `call'
  rack (1.5.2) lib/rack/lock.rb:17:in `call'
  rack (1.5.2) lib/rack/content_length.rb:14:in `call'
  rack (1.5.2) lib/rack/handler/webrick.rb:60:in `service'
  /Users/hblankenstein/.rvm/rubies/ruby-2.0.0-p247/lib/ruby/2.0.0/webrick/httpserver.rb:138:in `service'
  /Users/hblankenstein/.rvm/rubies/ruby-2.0.0-p247/lib/ruby/2.0.0/webrick/httpserver.rb:94:in `run'
  /Users/hblankenstein/.rvm/rubies/ruby-2.0.0-p247/lib/ruby/2.0.0/webrick/server.rb:295:in `block in start_thread'


  Rendered /Users/hblankenstein/.rvm/gems/ruby-2.0.0-p247/gems/actionpack-4.0.1/lib/action_dispatch/middleware/templates/rescues/missing_template.erb within rescues/layout (0.4ms)


Started GET "/cart/index" for 127.0.0.1 at 2013-11-19 20:29:10 +0000
Processing by CartController#index as HTML
  [1m[35mItem Load (0.2ms)[0m  SELECT "items".* FROM "items" WHERE "items"."id" = 1 LIMIT 1
  Rendered cart/index.html.erb within layouts/application (3.4ms)
  [1m[36mUser Load (0.2ms)[0m  [1mSELECT "users".* FROM "users" WHERE "users"."id" = 1 ORDER BY "users"."id" ASC LIMIT 1[0m
Completed 200 OK in 11ms (Views: 9.5ms | ActiveRecord: 0.3ms)


Started GET "/assets/items.css?body=1" for 127.0.0.1 at 2013-11-19 20:29:10 +0000


Started GET "/assets/application.css?body=1" for 127.0.0.1 at 2013-11-19 20:29:10 +0000


Started GET "/assets/cart.css?body=1" for 127.0.0.1 at 2013-11-19 20:29:10 +0000


Started GET "/assets/scaffolds.css?body=1" for 127.0.0.1 at 2013-11-19 20:29:10 +0000


Started GET "/assets/orders.css?body=1" for 127.0.0.1 at 2013-11-19 20:29:10 +0000


Started GET "/assets/orderitems.css?body=1" for 127.0.0.1 at 2013-11-19 20:29:10 +0000


Started GET "/assets/site.css?body=1" for 127.0.0.1 at 2013-11-19 20:29:10 +0000


Started GET "/assets/jquery.js?body=1" for 127.0.0.1 at 2013-11-19 20:29:10 +0000


Started GET "/assets/jquery_ujs.js?body=1" for 127.0.0.1 at 2013-11-19 20:29:10 +0000


Started GET "/assets/turbolinks.js?body=1" for 127.0.0.1 at 2013-11-19 20:29:10 +0000


Started GET "/assets/cart.js?body=1" for 127.0.0.1 at 2013-11-19 20:29:10 +0000


Started GET "/assets/orderitems.js?body=1" for 127.0.0.1 at 2013-11-19 20:29:10 +0000


Started GET "/assets/items.js?body=1" for 127.0.0.1 at 2013-11-19 20:29:10 +0000


Started GET "/assets/orders.js?body=1" for 127.0.0.1 at 2013-11-19 20:29:10 +0000


Started GET "/assets/site.js?body=1" for 127.0.0.1 at 2013-11-19 20:29:10 +0000


Started GET "/assets/application.js?body=1" for 127.0.0.1 at 2013-11-19 20:29:10 +0000


Started GET "/assets/tea.jpg" for 127.0.0.1 at 2013-11-19 20:29:10 +0000


Started GET "/items" for 127.0.0.1 at 2013-11-19 20:30:50 +0000
Processing by ItemsController#index as HTML
  [1m[35mItem Load (0.2ms)[0m  SELECT "items".* FROM "items"
DEPRECATION WARNING: :confirm option is deprecated and will be removed from Rails 4.1. Use 'data: { confirm: 'Text' }' instead. (called from block in _app_views_items_index_html_erb__1741492646529990891_70291553076240 at /Users/hblankenstein/RubymineProjects/antiqueagain/app/views/items/index.html.erb:27)
  Rendered items/index.html.erb within layouts/application (2.2ms)
  [1m[36mUser Load (0.2ms)[0m  [1mSELECT "users".* FROM "users" WHERE "users"."id" = 1 ORDER BY "users"."id" ASC LIMIT 1[0m
Completed 200 OK in 11ms (Views: 9.8ms | ActiveRecord: 0.3ms)


Started GET "/items/1" for 127.0.0.1 at 2013-11-19 20:30:53 +0000
Processing by ItemsController#show as HTML
  Parameters: {"id"=>"1"}
  [1m[35mItem Load (0.2ms)[0m  SELECT "items".* FROM "items" WHERE "items"."id" = ? LIMIT 1  [["id", "1"]]
  Rendered items/show.html.erb within layouts/application (1.0ms)
  [1m[36mUser Load (0.1ms)[0m  [1mSELECT "users".* FROM "users" WHERE "users"."id" = 1 ORDER BY "users"."id" ASC LIMIT 1[0m
Completed 200 OK in 9ms (Views: 7.5ms | ActiveRecord: 0.4ms)


Started DELETE "/users/sign_out" for 127.0.0.1 at 2013-11-19 20:30:55 +0000
Processing by Devise::SessionsController#destroy as HTML
  Parameters: {"authenticity_token"=>"WM9nai+cuTk0SbfwJjyqju2lJd892dxlT7BzMkrI63w="}
  [1m[35mUser Load (0.2ms)[0m  SELECT "users".* FROM "users" WHERE "users"."id" = 1 ORDER BY "users"."id" ASC LIMIT 1
  [1m[36m (0.1ms)[0m  [1mbegin transaction[0m
  [1m[35m (0.1ms)[0m  commit transaction
Redirected to http://localhost:3000/
Completed 302 Found in 8ms (ActiveRecord: 0.3ms)


Started GET "/" for 127.0.0.1 at 2013-11-19 20:30:55 +0000
Processing by SiteController#home as HTML
  Rendered site/home.html.erb within layouts/application (0.3ms)
Completed 200 OK in 14ms (Views: 13.0ms | ActiveRecord: 0.0ms)


Started GET "/assets/application.css?body=1" for 127.0.0.1 at 2013-11-19 20:30:55 +0000


Started GET "/assets/cart.css?body=1" for 127.0.0.1 at 2013-11-19 20:30:55 +0000


Started GET "/assets/items.css?body=1" for 127.0.0.1 at 2013-11-19 20:30:55 +0000


Started GET "/assets/orders.css?body=1" for 127.0.0.1 at 2013-11-19 20:30:55 +0000


Started GET "/assets/site.css?body=1" for 127.0.0.1 at 2013-11-19 20:30:55 +0000


Started GET "/assets/scaffolds.css?body=1" for 127.0.0.1 at 2013-11-19 20:30:55 +0000


Started GET "/assets/jquery.js?body=1" for 127.0.0.1 at 2013-11-19 20:30:55 +0000


Started GET "/assets/orderitems.css?body=1" for 127.0.0.1 at 2013-11-19 20:30:55 +0000


Started GET "/assets/jquery_ujs.js?body=1" for 127.0.0.1 at 2013-11-19 20:30:55 +0000


Started GET "/assets/turbolinks.js?body=1" for 127.0.0.1 at 2013-11-19 20:30:55 +0000


Started GET "/assets/cart.js?body=1" for 127.0.0.1 at 2013-11-19 20:30:55 +0000


Started GET "/assets/items.js?body=1" for 127.0.0.1 at 2013-11-19 20:30:55 +0000


Started GET "/assets/orders.js?body=1" for 127.0.0.1 at 2013-11-19 20:30:55 +0000


Started GET "/assets/orderitems.js?body=1" for 127.0.0.1 at 2013-11-19 20:30:55 +0000


Started GET "/assets/site.js?body=1" for 127.0.0.1 at 2013-11-19 20:30:55 +0000


Started GET "/assets/application.js?body=1" for 127.0.0.1 at 2013-11-19 20:30:55 +0000


Started GET "/users/sign_in" for 127.0.0.1 at 2013-11-19 20:30:57 +0000
Processing by Devise::SessionsController#new as HTML
  Rendered /Users/hblankenstein/.rvm/gems/ruby-2.0.0-p247/gems/devise-3.2.1/app/views/devise/shared/_links.erb (1.3ms)
  Rendered /Users/hblankenstein/.rvm/gems/ruby-2.0.0-p247/gems/devise-3.2.1/app/views/devise/sessions/new.html.erb within layouts/application (13.1ms)
Completed 200 OK in 51ms (Views: 49.0ms | ActiveRecord: 0.0ms)


Started POST "/users/sign_in" for 127.0.0.1 at 2013-11-19 20:31:01 +0000
Processing by Devise::SessionsController#create as HTML
  Parameters: {"utf8"=>"✓", "authenticity_token"=>"6abJkhbTzaDcsarInmDQ2Bv8bLfPfC8eP05UZM9r/vM=", "user"=>{"email"=>"blanhan@hotmail.com", "password"=>"[FILTERED]", "remember_me"=>"0"}, "commit"=>"Sign in"}
  [1m[36mUser Load (0.2ms)[0m  [1mSELECT "users".* FROM "users" WHERE "users"."email" = 'blanhan@hotmail.com' ORDER BY "users"."id" ASC LIMIT 1[0m
  [1m[35m (0.1ms)[0m  begin transaction
  [1m[36mSQL (0.5ms)[0m  [1mUPDATE "users" SET "current_sign_in_at" = ?, "sign_in_count" = ?, "updated_at" = ? WHERE "users"."id" = 1[0m  [["current_sign_in_at", Tue, 19 Nov 2013 20:31:01 UTC +00:00], ["sign_in_count", 2], ["updated_at", Tue, 19 Nov 2013 20:31:01 UTC +00:00]]
  [1m[35m (1.0ms)[0m  commit transaction
Redirected to http://localhost:3000/
Completed 302 Found in 75ms (ActiveRecord: 1.8ms)


Started GET "/" for 127.0.0.1 at 2013-11-19 20:31:01 +0000
Processing by SiteController#home as HTML
  Rendered site/home.html.erb within layouts/application (0.0ms)
  [1m[36mUser Load (0.2ms)[0m  [1mSELECT "users".* FROM "users" WHERE "users"."id" = 1 ORDER BY "users"."id" ASC LIMIT 1[0m
Completed 200 OK in 7ms (Views: 6.1ms | ActiveRecord: 0.2ms)


Started GET "/assets/application.css?body=1" for 127.0.0.1 at 2013-11-19 20:31:01 +0000


Started GET "/assets/orders.css?body=1" for 127.0.0.1 at 2013-11-19 20:31:01 +0000


Started GET "/assets/items.css?body=1" for 127.0.0.1 at 2013-11-19 20:31:01 +0000


Started GET "/assets/orderitems.css?body=1" for 127.0.0.1 at 2013-11-19 20:31:01 +0000


Started GET "/assets/jquery.js?body=1" for 127.0.0.1 at 2013-11-19 20:31:01 +0000


Started GET "/assets/site.css?body=1" for 127.0.0.1 at 2013-11-19 20:31:01 +0000


Started GET "/assets/cart.css?body=1" for 127.0.0.1 at 2013-11-19 20:31:01 +0000


Started GET "/assets/scaffolds.css?body=1" for 127.0.0.1 at 2013-11-19 20:31:01 +0000


Started GET "/assets/turbolinks.js?body=1" for 127.0.0.1 at 2013-11-19 20:31:01 +0000


Started GET "/assets/jquery_ujs.js?body=1" for 127.0.0.1 at 2013-11-19 20:31:01 +0000


Started GET "/assets/cart.js?body=1" for 127.0.0.1 at 2013-11-19 20:31:01 +0000


Started GET "/assets/items.js?body=1" for 127.0.0.1 at 2013-11-19 20:31:01 +0000


Started GET "/assets/orderitems.js?body=1" for 127.0.0.1 at 2013-11-19 20:31:01 +0000


Started GET "/assets/orders.js?body=1" for 127.0.0.1 at 2013-11-19 20:31:01 +0000


Started GET "/assets/site.js?body=1" for 127.0.0.1 at 2013-11-19 20:31:01 +0000


Started GET "/assets/application.js?body=1" for 127.0.0.1 at 2013-11-19 20:31:01 +0000


Started GET "/" for 127.0.0.1 at 2013-11-19 20:31:30 +0000
Processing by SiteController#home as HTML
  Rendered site/home.html.erb within layouts/application (0.9ms)
  [1m[35mUser Load (0.2ms)[0m  SELECT "users".* FROM "users" WHERE "users"."id" = 1 ORDER BY "users"."id" ASC LIMIT 1
Completed 200 OK in 10ms (Views: 8.8ms | ActiveRecord: 0.2ms)


Started GET "/assets/application.css?body=1" for 127.0.0.1 at 2013-11-19 20:31:30 +0000


Started GET "/assets/cart.css?body=1" for 127.0.0.1 at 2013-11-19 20:31:30 +0000


Started GET "/assets/scaffolds.css?body=1" for 127.0.0.1 at 2013-11-19 20:31:30 +0000


Started GET "/assets/items.css?body=1" for 127.0.0.1 at 2013-11-19 20:31:30 +0000


Started GET "/assets/orders.css?body=1" for 127.0.0.1 at 2013-11-19 20:31:30 +0000


Started GET "/assets/orderitems.css?body=1" for 127.0.0.1 at 2013-11-19 20:31:30 +0000


Started GET "/assets/site.css?body=1" for 127.0.0.1 at 2013-11-19 20:31:30 +0000


Started GET "/assets/jquery.js?body=1" for 127.0.0.1 at 2013-11-19 20:31:30 +0000


Started GET "/assets/jquery_ujs.js?body=1" for 127.0.0.1 at 2013-11-19 20:31:30 +0000


Started GET "/assets/turbolinks.js?body=1" for 127.0.0.1 at 2013-11-19 20:31:30 +0000


Started GET "/assets/cart.js?body=1" for 127.0.0.1 at 2013-11-19 20:31:30 +0000


Started GET "/assets/items.js?body=1" for 127.0.0.1 at 2013-11-19 20:31:30 +0000


Started GET "/assets/orderitems.js?body=1" for 127.0.0.1 at 2013-11-19 20:31:30 +0000


Started GET "/assets/orders.js?body=1" for 127.0.0.1 at 2013-11-19 20:31:30 +0000


Started GET "/assets/site.js?body=1" for 127.0.0.1 at 2013-11-19 20:31:30 +0000


Started GET "/assets/application.js?body=1" for 127.0.0.1 at 2013-11-19 20:31:30 +0000


Started GET "/items" for 127.0.0.1 at 2013-11-19 20:31:32 +0000
Processing by ItemsController#index as HTML
  [1m[36mItem Load (0.1ms)[0m  [1mSELECT "items".* FROM "items"[0m
DEPRECATION WARNING: :confirm option is deprecated and will be removed from Rails 4.1. Use 'data: { confirm: 'Text' }' instead. (called from block in _app_views_items_index_html_erb__1741492646529990891_70291553076240 at /Users/hblankenstein/RubymineProjects/antiqueagain/app/views/items/index.html.erb:27)
  Rendered items/index.html.erb within layouts/application (2.3ms)
  [1m[35mUser Load (0.1ms)[0m  SELECT "users".* FROM "users" WHERE "users"."id" = 1 ORDER BY "users"."id" ASC LIMIT 1
Completed 200 OK in 10ms (Views: 9.1ms | ActiveRecord: 0.3ms)


Started GET "/assets/tea.jpg" for 127.0.0.1 at 2013-11-19 20:31:32 +0000


Started GET "/items/new" for 127.0.0.1 at 2013-11-19 20:31:37 +0000
Processing by ItemsController#new as HTML
  Rendered items/_form.html.erb (4.5ms)
  Rendered items/new.html.erb within layouts/application (6.0ms)
  [1m[36mUser Load (0.2ms)[0m  [1mSELECT "users".* FROM "users" WHERE "users"."id" = 1 ORDER BY "users"."id" ASC LIMIT 1[0m
Completed 200 OK in 14ms (Views: 12.8ms | ActiveRecord: 0.2ms)


Started POST "/items" for 127.0.0.1 at 2013-11-19 20:33:39 +0000
Processing by ItemsController#create as HTML
  Parameters: {"utf8"=>"✓", "authenticity_token"=>"pR0o4MI788bkc39D4hd6+Woj84DzGigulvAdsDIAx38=", "item"=>{"title"=>"Tea Cup", "description"=>"This cup will eat you alive. ", "price"=>"10", "image_url"=>"cup.jpg", "category"=>"Cups"}, "commit"=>"Create Item"}
  [1m[35m (0.1ms)[0m  begin transaction
  [1m[36mSQL (0.6ms)[0m  [1mINSERT INTO "items" ("category", "created_at", "description", "image_url", "price", "title", "updated_at") VALUES (?, ?, ?, ?, ?, ?, ?)[0m  [["category", "Cups"], ["created_at", Tue, 19 Nov 2013 20:33:39 UTC +00:00], ["description", "This cup will eat you alive. "], ["image_url", "cup.jpg"], ["price", #<BigDecimal:7fdc0c4b7978,'0.1E2',9(18)>], ["title", "Tea Cup"], ["updated_at", Tue, 19 Nov 2013 20:33:39 UTC +00:00]]
  [1m[35m (0.9ms)[0m  commit transaction
Redirected to http://localhost:3000/items/2
Completed 302 Found in 5ms (ActiveRecord: 1.5ms)


Started GET "/items/2" for 127.0.0.1 at 2013-11-19 20:33:39 +0000
Processing by ItemsController#show as HTML
  Parameters: {"id"=>"2"}
  [1m[36mItem Load (0.1ms)[0m  [1mSELECT "items".* FROM "items" WHERE "items"."id" = ? LIMIT 1[0m  [["id", "2"]]
  Rendered items/show.html.erb within layouts/application (1.0ms)
  [1m[35mUser Load (0.2ms)[0m  SELECT "users".* FROM "users" WHERE "users"."id" = 1 ORDER BY "users"."id" ASC LIMIT 1
Completed 200 OK in 9ms (Views: 7.4ms | ActiveRecord: 0.3ms)


Started GET "/assets/application.css?body=1" for 127.0.0.1 at 2013-11-19 20:33:39 +0000


Started GET "/assets/items.css?body=1" for 127.0.0.1 at 2013-11-19 20:33:39 +0000


Started GET "/assets/site.css?body=1" for 127.0.0.1 at 2013-11-19 20:33:39 +0000


Started GET "/assets/cart.css?body=1" for 127.0.0.1 at 2013-11-19 20:33:39 +0000


Started GET "/assets/orderitems.css?body=1" for 127.0.0.1 at 2013-11-19 20:33:39 +0000


Started GET "/assets/jquery.js?body=1" for 127.0.0.1 at 2013-11-19 20:33:39 +0000


Started GET "/assets/turbolinks.js?body=1" for 127.0.0.1 at 2013-11-19 20:33:39 +0000


Started GET "/assets/orders.css?body=1" for 127.0.0.1 at 2013-11-19 20:33:39 +0000


Started GET "/assets/jquery_ujs.js?body=1" for 127.0.0.1 at 2013-11-19 20:33:39 +0000


Started GET "/assets/scaffolds.css?body=1" for 127.0.0.1 at 2013-11-19 20:33:39 +0000


Started GET "/assets/cart.js?body=1" for 127.0.0.1 at 2013-11-19 20:33:39 +0000


Started GET "/assets/items.js?body=1" for 127.0.0.1 at 2013-11-19 20:33:39 +0000


Started GET "/assets/orderitems.js?body=1" for 127.0.0.1 at 2013-11-19 20:33:39 +0000


Started GET "/assets/orders.js?body=1" for 127.0.0.1 at 2013-11-19 20:33:39 +0000


Started GET "/assets/site.js?body=1" for 127.0.0.1 at 2013-11-19 20:33:39 +0000


Started GET "/assets/application.js?body=1" for 127.0.0.1 at 2013-11-19 20:33:39 +0000


Started GET "/items" for 127.0.0.1 at 2013-11-19 20:34:01 +0000
Processing by ItemsController#index as HTML
  [1m[36mItem Load (0.2ms)[0m  [1mSELECT "items".* FROM "items"[0m
DEPRECATION WARNING: :confirm option is deprecated and will be removed from Rails 4.1. Use 'data: { confirm: 'Text' }' instead. (called from block in _app_views_items_index_html_erb__1741492646529990891_70291553076240 at /Users/hblankenstein/RubymineProjects/antiqueagain/app/views/items/index.html.erb:27)
DEPRECATION WARNING: :confirm option is deprecated and will be removed from Rails 4.1. Use 'data: { confirm: 'Text' }' instead. (called from block in _app_views_items_index_html_erb__1741492646529990891_70291553076240 at /Users/hblankenstein/RubymineProjects/antiqueagain/app/views/items/index.html.erb:27)
  Rendered items/index.html.erb within layouts/application (6.0ms)
  [1m[35mUser Load (0.2ms)[0m  SELECT "users".* FROM "users" WHERE "users"."id" = 1 ORDER BY "users"."id" ASC LIMIT 1
Completed 200 OK in 14ms (Views: 12.5ms | ActiveRecord: 0.3ms)


Started GET "/assets/tea.jpg" for 127.0.0.1 at 2013-11-19 20:34:01 +0000


Started GET "/assets/cup.jpg" for 127.0.0.1 at 2013-11-19 20:34:01 +0000


Started GET "/cart/2" for 127.0.0.1 at 2013-11-19 20:34:08 +0000
Processing by CartController#add as HTML
  Parameters: {"id"=>"2"}
Redirected to http://localhost:3000/cart/index
Completed 302 Found in 1ms (ActiveRecord: 0.0ms)


Started GET "/cart/index" for 127.0.0.1 at 2013-11-19 20:34:08 +0000
Processing by CartController#index as HTML
  [1m[36mItem Load (0.1ms)[0m  [1mSELECT "items".* FROM "items" WHERE "items"."id" = 2 LIMIT 1[0m
  Rendered cart/index.html.erb within layouts/application (2.2ms)
  [1m[35mUser Load (0.1ms)[0m  SELECT "users".* FROM "users" WHERE "users"."id" = 1 ORDER BY "users"."id" ASC LIMIT 1
Completed 200 OK in 9ms (Views: 7.9ms | ActiveRecord: 0.3ms)


Started GET "/items" for 127.0.0.1 at 2013-11-19 20:36:38 +0000
Processing by ItemsController#index as HTML
  [1m[36mItem Load (0.2ms)[0m  [1mSELECT "items".* FROM "items"[0m
DEPRECATION WARNING: :confirm option is deprecated and will be removed from Rails 4.1. Use 'data: { confirm: 'Text' }' instead. (called from block in _app_views_items_index_html_erb__1741492646529990891_70291553076240 at /Users/hblankenstein/RubymineProjects/antiqueagain/app/views/items/index.html.erb:27)
DEPRECATION WARNING: :confirm option is deprecated and will be removed from Rails 4.1. Use 'data: { confirm: 'Text' }' instead. (called from block in _app_views_items_index_html_erb__1741492646529990891_70291553076240 at /Users/hblankenstein/RubymineProjects/antiqueagain/app/views/items/index.html.erb:27)
  Rendered items/index.html.erb within layouts/application (2.9ms)
  [1m[35mUser Load (0.1ms)[0m  SELECT "users".* FROM "users" WHERE "users"."id" = 1 ORDER BY "users"."id" ASC LIMIT 1
Completed 200 OK in 10ms (Views: 8.9ms | ActiveRecord: 0.3ms)


Started GET "/cart/1" for 127.0.0.1 at 2013-11-19 20:36:39 +0000
Processing by CartController#add as HTML
  Parameters: {"id"=>"1"}
Redirected to http://localhost:3000/cart/index
Completed 302 Found in 1ms (ActiveRecord: 0.0ms)


Started GET "/cart/index" for 127.0.0.1 at 2013-11-19 20:36:39 +0000
Processing by CartController#index as HTML
  [1m[36mItem Load (0.2ms)[0m  [1mSELECT "items".* FROM "items" WHERE "items"."id" = 2 LIMIT 1[0m
  [1m[35mItem Load (0.1ms)[0m  SELECT "items".* FROM "items" WHERE "items"."id" = 1 LIMIT 1
  Rendered cart/index.html.erb within layouts/application (3.6ms)
  [1m[36mUser Load (0.1ms)[0m  [1mSELECT "users".* FROM "users" WHERE "users"."id" = 1 ORDER BY "users"."id" ASC LIMIT 1[0m
Completed 200 OK in 11ms (Views: 9.6ms | ActiveRecord: 0.4ms)
